# JRE version: OpenJDK Runtime Environment Microsoft-7208460 (11.0.18+10) (build 11.0.18+10-LTS)
# Java VM: OpenJDK 64-Bit Server VM Microsoft-7208460 (11.0.18+10-LTS, mixed mode, tiered, compressed oops, g1 gc, windows-amd64)
Heap:
 garbage-first heap   total 126976K, used 55661K [0x0000000085600000, 0x0000000100000000)
  region size 1024K, 38 young (38912K), 3 survivors (3072K)
 Metaspace       used 43226K, capacity 43684K, committed 43984K, reserved 1087488K
  class space    used 5075K, capacity 5266K, committed 5372K, reserved 1048576K
GC Heap History (8 events):
Event: 3.586 GC heap before
{Heap before GC invocations=0 (full 0):
 garbage-first heap   total 126976K, used 27648K [0x0000000085600000, 0x0000000100000000)
  region size 1024K, 24 young (24576K), 0 survivors (0K)
 Metaspace       used 12344K, capacity 12501K, committed 12800K, reserved 1060864K
  class space    used 1147K, capacity 1206K, committed 1280K, reserved 1048576K
}
Event: 3.603 GC heap after
{Heap after GC invocations=1 (full 0):
 garbage-first heap   total 126976K, used 5923K [0x0000000085600000, 0x0000000100000000)
  region size 1024K, 3 young (3072K), 3 survivors (3072K)
 Metaspace       used 12344K, capacity 12501K, committed 12800K, reserved 1060864K
  class space    used 1147K, capacity 1206K, committed 1280K, reserved 1048576K
}
Event: 8.325 GC heap before
{Heap before GC invocations=1 (full 0):
 garbage-first heap   total 126976K, used 41763K [0x0000000085600000, 0x0000000100000000)
  region size 1024K, 39 young (39936K), 3 survivors (3072K)
 Metaspace       used 20971K, capacity 21183K, committed 21248K, reserved 1069056K
  class space    used 2201K, capacity 2280K, committed 2304K, reserved 1048576K
}
Event: 8.341 GC heap after
{Heap after GC invocations=2 (full 0):
 garbage-first heap   total 126976K, used 9384K [0x0000000085600000, 0x0000000100000000)
  region size 1024K, 7 young (7168K), 7 survivors (7168K)
 Metaspace       used 20971K, capacity 21183K, committed 21248K, reserved 1069056K
  class space    used 2201K, capacity 2280K, committed 2304K, reserved 1048576K
}
Event: 13.642 GC heap before
{Heap before GC invocations=3 (full 0):
 garbage-first heap   total 126976K, used 62632K [0x0000000085600000, 0x0000000100000000)
  region size 1024K, 54 young (55296K), 7 survivors (7168K)
 Metaspace       used 32547K, capacity 33005K, committed 33276K, reserved 1079296K
  class space    used 4031K, capacity 4212K, committed 4348K, reserved 1048576K
}
Event: 13.669 GC heap after
{Heap after GC invocations=4 (full 0):
 garbage-first heap   total 126976K, used 20480K [0x0000000085600000, 0x0000000100000000)
  region size 1024K, 7 young (7168K), 7 survivors (7168K)
 Metaspace       used 32547K, capacity 33005K, committed 33276K, reserved 1079296K
  class space    used 4031K, capacity 4212K, committed 4348K, reserved 1048576K
}
Event: 14.498 GC heap before
{Heap before GC invocations=4 (full 0):
 garbage-first heap   total 126976K, used 34816K [0x0000000085600000, 0x0000000100000000)
  region size 1024K, 22 young (22528K), 7 survivors (7168K)
 Metaspace       used 35451K, capacity 35919K, committed 36048K, reserved 1081344K
  class space    used 4338K, capacity 4542K, committed 4604K, reserved 1048576K
}
Event: 14.524 GC heap after
{Heap after GC invocations=5 (full 0):
 garbage-first heap   total 126976K, used 20845K [0x0000000085600000, 0x0000000100000000)
  region size 1024K, 3 young (3072K), 3 survivors (3072K)
 Metaspace       used 35451K, capacity 35919K, committed 36048K, reserved 1081344K
  class space    used 4338K, capacity 4542K, committed 4604K, reserved 1048576K
}

