# JRE version: OpenJDK Runtime Environment Microsoft-7208460 (11.0.18+10) (build 11.0.18+10-LTS)
# Java VM: OpenJDK 64-Bit Server VM Microsoft-7208460 (11.0.18+10-LTS, mixed mode, tiered, compressed oops, g1 gc, windows-amd64)
Heap:
 garbage-first heap   total 152576K, used 116224K [0x0000000085600000, 0x0000000100000000)
  region size 1024K, 50 young (51200K), 7 survivors (7168K)
 Metaspace       used 69407K, capacity 70279K, committed 70524K, reserved 1112064K
  class space    used 7625K, capacity 7984K, committed 8060K, reserved 1048576K
GC Heap History (20 events):
Event: 5.386 GC heap before
{Heap before GC invocations=3 (full 0):
 garbage-first heap   total 126976K, used 61440K [0x0000000085600000, 0x0000000100000000)
  region size 1024K, 52 young (53248K), 6 survivors (6144K)
 Metaspace       used 31831K, capacity 32282K, committed 32636K, reserved 1077248K
  class space    used 3918K, capacity 4116K, committed 4220K, reserved 1048576K
}
Event: 5.424 GC heap after
{Heap after GC invocations=4 (full 0):
 garbage-first heap   total 126976K, used 20686K [0x0000000085600000, 0x0000000100000000)
  region size 1024K, 7 young (7168K), 7 survivors (7168K)
 Metaspace       used 31831K, capacity 32282K, committed 32636K, reserved 1077248K
  class space    used 3918K, capacity 4116K, committed 4220K, reserved 1048576K
}
Event: 5.698 GC heap before
{Heap before GC invocations=5 (full 0):
 garbage-first heap   total 126976K, used 25806K [0x0000000085600000, 0x0000000100000000)
  region size 1024K, 12 young (12288K), 7 survivors (7168K)
 Metaspace       used 33031K, capacity 33503K, committed 33788K, reserved 1079296K
  class space    used 4076K, capacity 4246K, committed 4348K, reserved 1048576K
}
Event: 5.715 GC heap after
{Heap after GC invocations=6 (full 0):
 garbage-first heap   total 126976K, used 21807K [0x0000000085600000, 0x0000000100000000)
  region size 1024K, 1 young (1024K), 1 survivors (1024K)
 Metaspace       used 33031K, capacity 33503K, committed 33788K, reserved 1079296K
  class space    used 4076K, capacity 4246K, committed 4348K, reserved 1048576K
}
Event: 8.459 GC heap before
{Heap before GC invocations=6 (full 0):
 garbage-first heap   total 126976K, used 62767K [0x0000000085600000, 0x0000000100000000)
  region size 1024K, 41 young (41984K), 1 survivors (1024K)
 Metaspace       used 41043K, capacity 41482K, committed 41724K, reserved 1085440K
  class space    used 4854K, capacity 5027K, committed 5116K, reserved 1048576K
}
Event: 8.470 GC heap after
{Heap after GC invocations=7 (full 0):
 garbage-first heap   total 152576K, used 23292K [0x0000000085600000, 0x0000000100000000)
  region size 1024K, 5 young (5120K), 5 survivors (5120K)
 Metaspace       used 41043K, capacity 41482K, committed 41724K, reserved 1085440K
  class space    used 4854K, capacity 5027K, committed 5116K, reserved 1048576K
}
Event: 14.284 GC heap before
{Heap before GC invocations=7 (full 0):
 garbage-first heap   total 152576K, used 78588K [0x0000000085600000, 0x0000000100000000)
  region size 1024K, 56 young (57344K), 5 survivors (5120K)
 Metaspace       used 49957K, capacity 50518K, committed 50684K, reserved 1093632K
  class space    used 5770K, capacity 5998K, committed 6140K, reserved 1048576K
}
Event: 14.305 GC heap after
{Heap after GC invocations=8 (full 0):
 garbage-first heap   total 152576K, used 33892K [0x0000000085600000, 0x0000000100000000)
  region size 1024K, 7 young (7168K), 7 survivors (7168K)
 Metaspace       used 49957K, capacity 50518K, committed 50684K, reserved 1093632K
  class space    used 5770K, capacity 5998K, committed 6140K, reserved 1048576K
}
Event: 16.541 GC heap before
{Heap before GC invocations=8 (full 0):
 garbage-first heap   total 152576K, used 82020K [0x0000000085600000, 0x0000000100000000)
  region size 1024K, 55 young (56320K), 7 survivors (7168K)
 Metaspace       used 53621K, capacity 54241K, committed 54396K, reserved 1097728K
  class space    used 6099K, capacity 6376K, committed 6524K, reserved 1048576K
}
Event: 16.571 GC heap after
{Heap after GC invocations=9 (full 0):
 garbage-first heap   total 152576K, used 38912K [0x0000000085600000, 0x0000000100000000)
  region size 1024K, 5 young (5120K), 5 survivors (5120K)
 Metaspace       used 53621K, capacity 54241K, committed 54396K, reserved 1097728K
  class space    used 6099K, capacity 6376K, committed 6524K, reserved 1048576K
}
Event: 21.120 GC heap before
{Heap before GC invocations=10 (full 0):
 garbage-first heap   total 152576K, used 93184K [0x0000000085600000, 0x0000000100000000)
  region size 1024K, 58 young (59392K), 5 survivors (5120K)
 Metaspace       used 60043K, capacity 60842K, committed 60924K, reserved 1103872K
  class space    used 6811K, capacity 7135K, committed 7164K, reserved 1048576K
}
Event: 21.144 GC heap after
{Heap after GC invocations=11 (full 0):
 garbage-first heap   total 152576K, used 47510K [0x0000000085600000, 0x0000000100000000)
  region size 1024K, 8 young (8192K), 8 survivors (8192K)
 Metaspace       used 60043K, capacity 60842K, committed 60924K, reserved 1103872K
  class space    used 6811K, capacity 7135K, committed 7164K, reserved 1048576K
}
Event: 24.705 GC heap before
{Heap before GC invocations=11 (full 0):
 garbage-first heap   total 152576K, used 100758K [0x0000000085600000, 0x0000000100000000)
  region size 1024K, 60 young (61440K), 8 survivors (8192K)
 Metaspace       used 61418K, capacity 62244K, committed 62460K, reserved 1103872K
  class space    used 6977K, capacity 7304K, committed 7420K, reserved 1048576K
}
Event: 24.736 GC heap after
{Heap after GC invocations=12 (full 0):
 garbage-first heap   total 152576K, used 56669K [0x0000000085600000, 0x0000000100000000)
  region size 1024K, 8 young (8192K), 8 survivors (8192K)
 Metaspace       used 61418K, capacity 62244K, committed 62460K, reserved 1103872K
  class space    used 6977K, capacity 7304K, committed 7420K, reserved 1048576K
}
Event: 27.287 GC heap before
{Heap before GC invocations=12 (full 0):
 garbage-first heap   total 152576K, used 105821K [0x0000000085600000, 0x0000000100000000)
  region size 1024K, 56 young (57344K), 8 survivors (8192K)
 Metaspace       used 62082K, capacity 62872K, committed 62972K, reserved 1105920K
  class space    used 7020K, capacity 7342K, committed 7420K, reserved 1048576K
}
Event: 27.313 GC heap after
{Heap after GC invocations=13 (full 0):
 garbage-first heap   total 152576K, used 64000K [0x0000000085600000, 0x0000000100000000)
  region size 1024K, 7 young (7168K), 7 survivors (7168K)
 Metaspace       used 62082K, capacity 62872K, committed 62972K, reserved 1105920K
  class space    used 7020K, capacity 7342K, committed 7420K, reserved 1048576K
}
Event: 28.412 GC heap before
{Heap before GC invocations=13 (full 0):
 garbage-first heap   total 152576K, used 111104K [0x0000000085600000, 0x0000000100000000)
  region size 1024K, 53 young (54272K), 7 survivors (7168K)
 Metaspace       used 62909K, capacity 63720K, committed 63868K, reserved 1105920K
  class space    used 7087K, capacity 7411K, committed 7548K, reserved 1048576K
}
Event: 28.429 GC heap after
{Heap after GC invocations=14 (full 0):
 garbage-first heap   total 152576K, used 65882K [0x0000000085600000, 0x0000000100000000)
  region size 1024K, 2 young (2048K), 2 survivors (2048K)
 Metaspace       used 62909K, capacity 63720K, committed 63868K, reserved 1105920K
  class space    used 7087K, capacity 7411K, committed 7548K, reserved 1048576K
}
Event: 31.673 GC heap before
{Heap before GC invocations=14 (full 0):
 garbage-first heap   total 152576K, used 115034K [0x0000000085600000, 0x0000000100000000)
  region size 1024K, 49 young (50176K), 2 survivors (2048K)
 Metaspace       used 66853K, capacity 67767K, committed 67964K, reserved 1110016K
  class space    used 7415K, capacity 7772K, committed 7804K, reserved 1048576K
}
Event: 31.690 GC heap after
{Heap after GC invocations=15 (full 0):
 garbage-first heap   total 152576K, used 71168K [0x0000000085600000, 0x0000000100000000)
  region size 1024K, 7 young (7168K), 7 survivors (7168K)
 Metaspace       used 66853K, capacity 67767K, committed 67964K, reserved 1110016K
  class space    used 7415K, capacity 7772K, committed 7804K, reserved 1048576K
}

