# JRE version: OpenJDK Runtime Environment (11.0.15) (build 11.0.15+0-b2043.56-9505619)
# Java VM: OpenJDK 64-Bit Server VM (11.0.15+0-b2043.56-9505619, mixed mode, tiered, compressed oops, g1 gc, windows-amd64)
Heap:
 garbage-first heap   total 538624K, used 278548K [0x0000000700000000, 0x0000000800000000)
  region size 1024K, 13 young (13312K), 13 survivors (13312K)
 Metaspace       used 121081K, capacity 127418K, committed 127772K, reserved 1159168K
  class space    used 15816K, capacity 18162K, committed 18284K, reserved 1048576K
GC Heap History (20 events):
Event: 116.783 GC heap after
{Heap after GC invocations=84 (full 0):
 garbage-first heap   total 311296K, used 183016K [0x0000000700000000, 0x0000000800000000)
  region size 1024K, 3 young (3072K), 3 survivors (3072K)
 Metaspace       used 102218K, capacity 107549K, committed 107804K, reserved 1142784K
  class space    used 13461K, capacity 15399K, committed 15468K, reserved 1048576K
}
Event: 117.269 GC heap before
{Heap before GC invocations=85 (full 0):
 garbage-first heap   total 311296K, used 226024K [0x0000000700000000, 0x0000000800000000)
  region size 1024K, 44 young (45056K), 3 survivors (3072K)
 Metaspace       used 104134K, capacity 109524K, committed 109596K, reserved 1142784K
  class space    used 13703K, capacity 15673K, committed 15724K, reserved 1048576K
}
Event: 117.275 GC heap after
{Heap after GC invocations=86 (full 0):
 garbage-first heap   total 311296K, used 188905K [0x0000000700000000, 0x0000000800000000)
  region size 1024K, 6 young (6144K), 6 survivors (6144K)
 Metaspace       used 104134K, capacity 109524K, committed 109596K, reserved 1142784K
  class space    used 13703K, capacity 15673K, committed 15724K, reserved 1048576K
}
Event: 117.759 GC heap before
{Heap before GC invocations=86 (full 0):
 garbage-first heap   total 311296K, used 218601K [0x0000000700000000, 0x0000000800000000)
  region size 1024K, 37 young (37888K), 6 survivors (6144K)
 Metaspace       used 104533K, capacity 110104K, committed 110236K, reserved 1144832K
  class space    used 13764K, capacity 15838K, committed 15852K, reserved 1048576K
}
Event: 117.775 GC heap after
{Heap after GC invocations=87 (full 0):
 garbage-first heap   total 373760K, used 194822K [0x0000000700000000, 0x0000000800000000)
  region size 1024K, 6 young (6144K), 6 survivors (6144K)
 Metaspace       used 104533K, capacity 110104K, committed 110236K, reserved 1144832K
  class space    used 13764K, capacity 15838K, committed 15852K, reserved 1048576K
}
Event: 119.138 GC heap before
{Heap before GC invocations=88 (full 0):
 garbage-first heap   total 373760K, used 261382K [0x0000000700000000, 0x0000000800000000)
  region size 1024K, 65 young (66560K), 6 survivors (6144K)
 Metaspace       used 107257K, capacity 113095K, committed 113308K, reserved 1146880K
  class space    used 14129K, capacity 16293K, committed 16364K, reserved 1048576K
}
Event: 119.150 GC heap after
{Heap after GC invocations=89 (full 0):
 garbage-first heap   total 373760K, used 208754K [0x0000000700000000, 0x0000000800000000)
  region size 1024K, 8 young (8192K), 8 survivors (8192K)
 Metaspace       used 107257K, capacity 113095K, committed 113308K, reserved 1146880K
  class space    used 14129K, capacity 16293K, committed 16364K, reserved 1048576K
}
Event: 120.138 GC heap before
{Heap before GC invocations=89 (full 0):
 garbage-first heap   total 373760K, used 269170K [0x0000000700000000, 0x0000000800000000)
  region size 1024K, 67 young (68608K), 8 survivors (8192K)
 Metaspace       used 112897K, capacity 118812K, committed 118940K, reserved 1150976K
  class space    used 14884K, capacity 17050K, committed 17132K, reserved 1048576K
}
Event: 120.151 GC heap after
{Heap after GC invocations=90 (full 0):
 garbage-first heap   total 373760K, used 213550K [0x0000000700000000, 0x0000000800000000)
  region size 1024K, 4 young (4096K), 4 survivors (4096K)
 Metaspace       used 112897K, capacity 118812K, committed 118940K, reserved 1150976K
  class space    used 14884K, capacity 17050K, committed 17132K, reserved 1048576K
}
Event: 121.293 GC heap before
{Heap before GC invocations=91 (full 0):
 garbage-first heap   total 373760K, used 277038K [0x0000000700000000, 0x0000000800000000)
  region size 1024K, 66 young (67584K), 4 survivors (4096K)
 Metaspace       used 114650K, capacity 120600K, committed 120732K, reserved 1153024K
  class space    used 15085K, capacity 17293K, committed 17388K, reserved 1048576K
}
Event: 121.318 GC heap after
{Heap after GC invocations=92 (full 0):
 garbage-first heap   total 373760K, used 228594K [0x0000000700000000, 0x0000000800000000)
  region size 1024K, 9 young (9216K), 9 survivors (9216K)
 Metaspace       used 114650K, capacity 120600K, committed 120732K, reserved 1153024K
  class space    used 15085K, capacity 17293K, committed 17388K, reserved 1048576K
}
Event: 122.576 GC heap before
{Heap before GC invocations=92 (full 0):
 garbage-first heap   total 373760K, used 286962K [0x0000000700000000, 0x0000000800000000)
  region size 1024K, 66 young (67584K), 9 survivors (9216K)
 Metaspace       used 116134K, capacity 122186K, committed 122396K, reserved 1155072K
  class space    used 15234K, capacity 17448K, committed 17516K, reserved 1048576K
}
Event: 122.600 GC heap after
{Heap after GC invocations=93 (full 0):
 garbage-first heap   total 448512K, used 237568K [0x0000000700000000, 0x0000000800000000)
  region size 1024K, 8 young (8192K), 8 survivors (8192K)
 Metaspace       used 116134K, capacity 122186K, committed 122396K, reserved 1155072K
  class space    used 15234K, capacity 17448K, committed 17516K, reserved 1048576K
}
Event: 123.816 GC heap before
{Heap before GC invocations=94 (full 0):
 garbage-first heap   total 448512K, used 319488K [0x0000000700000000, 0x0000000800000000)
  region size 1024K, 88 young (90112K), 8 survivors (8192K)
 Metaspace       used 116501K, capacity 122645K, committed 122908K, reserved 1155072K
  class space    used 15266K, capacity 17467K, committed 17516K, reserved 1048576K
}
Event: 123.831 GC heap after
{Heap after GC invocations=95 (full 0):
 garbage-first heap   total 448512K, used 247644K [0x0000000700000000, 0x0000000800000000)
  region size 1024K, 11 young (11264K), 11 survivors (11264K)
 Metaspace       used 116501K, capacity 122645K, committed 122908K, reserved 1155072K
  class space    used 15266K, capacity 17467K, committed 17516K, reserved 1048576K
}
Event: 124.801 GC heap before
{Heap before GC invocations=95 (full 0):
 garbage-first heap   total 448512K, used 332636K [0x0000000700000000, 0x0000000800000000)
  region size 1024K, 94 young (96256K), 11 survivors (11264K)
 Metaspace       used 119203K, capacity 125499K, committed 125724K, reserved 1157120K
  class space    used 15590K, capacity 17908K, committed 18028K, reserved 1048576K
}
Event: 124.817 GC heap after
{Heap after GC invocations=96 (full 0):
 garbage-first heap   total 448512K, used 255842K [0x0000000700000000, 0x0000000800000000)
  region size 1024K, 9 young (9216K), 9 survivors (9216K)
 Metaspace       used 119203K, capacity 125499K, committed 125724K, reserved 1157120K
  class space    used 15590K, capacity 17908K, committed 18028K, reserved 1048576K
}
Event: 125.774 GC heap before
{Heap before GC invocations=97 (full 0):
 garbage-first heap   total 448512K, used 348002K [0x0000000700000000, 0x0000000800000000)
  region size 1024K, 99 young (101376K), 9 survivors (9216K)
 Metaspace       used 120647K, capacity 126954K, committed 127132K, reserved 1159168K
  class space    used 15765K, capacity 18083K, committed 18156K, reserved 1048576K
}
Event: 125.797 GC heap after
{Heap after GC invocations=98 (full 0):
 garbage-first heap   total 448512K, used 265668K [0x0000000700000000, 0x0000000800000000)
  region size 1024K, 10 young (10240K), 10 survivors (10240K)
 Metaspace       used 120647K, capacity 126954K, committed 127132K, reserved 1159168K
  class space    used 15765K, capacity 18083K, committed 18156K, reserved 1048576K
}
Event: 126.448 GC heap before
{Heap before GC invocations=98 (full 0):
 garbage-first heap   total 448512K, used 354756K [0x0000000700000000, 0x0000000800000000)
  region size 1024K, 97 young (99328K), 10 survivors (10240K)
 Metaspace       used 121081K, capacity 127418K, committed 127772K, reserved 1159168K
  class space    used 15816K, capacity 18162K, committed 18284K, reserved 1048576K
}

