# JRE version: OpenJDK Runtime Environment Microsoft-7208460 (11.0.18+10) (build 11.0.18+10-LTS)
# Java VM: OpenJDK 64-Bit Server VM Microsoft-7208460 (11.0.18+10-LTS, mixed mode, tiered, compressed oops, g1 gc, windows-amd64)
Heap:
 garbage-first heap   total 126976K, used 43028K [0x0000000700000000, 0x0000000800000000)
  region size 1024K, 27 young (27648K), 3 survivors (3072K)
 Metaspace       used 27881K, capacity 28532K, committed 28720K, reserved 1075200K
  class space    used 3619K, capacity 3852K, committed 3968K, reserved 1048576K
GC Heap History (8 events):
Event: 1.729 GC heap before
{Heap before GC invocations=0 (full 0):
 garbage-first heap   total 126976K, used 29696K [0x0000000700000000, 0x0000000800000000)
  region size 1024K, 24 young (24576K), 0 survivors (0K)
 Metaspace       used 9706K, capacity 9888K, committed 10112K, reserved 1058816K
  class space    used 987K, capacity 1069K, committed 1152K, reserved 1048576K
}
Event: 1.759 GC heap after
{Heap after GC invocations=1 (full 0):
 garbage-first heap   total 126976K, used 9376K [0x0000000700000000, 0x0000000800000000)
  region size 1024K, 3 young (3072K), 3 survivors (3072K)
 Metaspace       used 9706K, capacity 9888K, committed 10112K, reserved 1058816K
  class space    used 987K, capacity 1069K, committed 1152K, reserved 1048576K
}
Event: 7.227 GC heap before
{Heap before GC invocations=1 (full 0):
 garbage-first heap   total 126976K, used 82080K [0x0000000700000000, 0x0000000800000000)
  region size 1024K, 74 young (75776K), 3 survivors (3072K)
 Metaspace       used 17751K, capacity 18060K, committed 18304K, reserved 1064960K
  class space    used 2066K, capacity 2176K, committed 2176K, reserved 1048576K
}
Event: 7.235 GC heap after
{Heap after GC invocations=2 (full 0):
 garbage-first heap   total 126976K, used 16268K [0x0000000700000000, 0x0000000800000000)
  region size 1024K, 10 young (10240K), 10 survivors (10240K)
 Metaspace       used 17751K, capacity 18060K, committed 18304K, reserved 1064960K
  class space    used 2066K, capacity 2176K, committed 2176K, reserved 1048576K
}
Event: 7.791 GC heap before
{Heap before GC invocations=2 (full 0):
 garbage-first heap   total 126976K, used 37772K [0x0000000700000000, 0x0000000800000000)
  region size 1024K, 32 young (32768K), 10 survivors (10240K)
 Metaspace       used 20771K, capacity 21236K, committed 21296K, reserved 1069056K
  class space    used 2494K, capacity 2665K, committed 2688K, reserved 1048576K
}
Event: 7.798 GC heap after
{Heap after GC invocations=3 (full 0):
 garbage-first heap   total 126976K, used 17799K [0x0000000700000000, 0x0000000800000000)
  region size 1024K, 2 young (2048K), 2 survivors (2048K)
 Metaspace       used 20771K, capacity 21236K, committed 21296K, reserved 1069056K
  class space    used 2494K, capacity 2665K, committed 2688K, reserved 1048576K
}
Event: 9.382 GC heap before
{Heap before GC invocations=4 (full 0):
 garbage-first heap   total 126976K, used 67975K [0x0000000700000000, 0x0000000800000000)
  region size 1024K, 52 young (53248K), 2 survivors (2048K)
 Metaspace       used 26032K, capacity 26636K, committed 26800K, reserved 1073152K
  class space    used 3341K, capacity 3555K, committed 3584K, reserved 1048576K
}
Event: 9.386 GC heap after
{Heap after GC invocations=5 (full 0):
 garbage-first heap   total 126976K, used 19476K [0x0000000700000000, 0x0000000800000000)
  region size 1024K, 3 young (3072K), 3 survivors (3072K)
 Metaspace       used 26032K, capacity 26636K, committed 26800K, reserved 1073152K
  class space    used 3341K, capacity 3555K, committed 3584K, reserved 1048576K
}

