# JRE version: OpenJDK Runtime Environment Microsoft-7208460 (11.0.18+10) (build 11.0.18+10-LTS)
# Java VM: OpenJDK 64-Bit Server VM Microsoft-7208460 (11.0.18+10-LTS, mixed mode, tiered, compressed oops, g1 gc, windows-amd64)
Heap:
 garbage-first heap   total 926720K, used 248832K [0x0000000700000000, 0x0000000800000000)
  region size 1024K, 12 young (12288K), 12 survivors (12288K)
 Metaspace       used 121593K, capacity 127433K, committed 127700K, reserved 1159168K
  class space    used 15654K, capacity 17810K, committed 17868K, reserved 1048576K
GC Heap History (20 events):
Event: 35.547 GC heap after
{Heap after GC invocations=57 (full 0):
 garbage-first heap   total 183296K, used 145064K [0x0000000700000000, 0x0000000800000000)
  region size 1024K, 2 young (2048K), 2 survivors (2048K)
 Metaspace       used 97492K, capacity 101628K, committed 101844K, reserved 1136640K
  class space    used 12840K, capacity 14425K, committed 14540K, reserved 1048576K
}
Event: 35.672 GC heap before
{Heap before GC invocations=57 (full 0):
 garbage-first heap   total 183296K, used 154280K [0x0000000700000000, 0x0000000800000000)
  region size 1024K, 12 young (12288K), 2 survivors (2048K)
 Metaspace       used 97600K, capacity 101875K, committed 102100K, reserved 1136640K
  class space    used 12851K, capacity 14438K, committed 14540K, reserved 1048576K
}
Event: 35.676 GC heap after
{Heap after GC invocations=58 (full 0):
 garbage-first heap   total 183296K, used 146625K [0x0000000700000000, 0x0000000800000000)
  region size 1024K, 2 young (2048K), 2 survivors (2048K)
 Metaspace       used 97600K, capacity 101875K, committed 102100K, reserved 1136640K
  class space    used 12851K, capacity 14438K, committed 14540K, reserved 1048576K
}
Event: 35.786 GC heap before
{Heap before GC invocations=59 (full 0):
 garbage-first heap   total 183296K, used 156865K [0x0000000700000000, 0x0000000800000000)
  region size 1024K, 11 young (11264K), 2 survivors (2048K)
 Metaspace       used 97698K, capacity 102018K, committed 102100K, reserved 1136640K
  class space    used 12865K, capacity 14485K, committed 14540K, reserved 1048576K
}
Event: 35.792 GC heap after
{Heap after GC invocations=60 (full 0):
 garbage-first heap   total 299008K, used 152110K [0x0000000700000000, 0x0000000800000000)
  region size 1024K, 2 young (2048K), 2 survivors (2048K)
 Metaspace       used 97698K, capacity 102018K, committed 102100K, reserved 1136640K
  class space    used 12865K, capacity 14485K, committed 14540K, reserved 1048576K
}
Event: 35.973 GC heap before
{Heap before GC invocations=60 (full 0):
 garbage-first heap   total 299008K, used 167470K [0x0000000700000000, 0x0000000800000000)
  region size 1024K, 19 young (19456K), 2 survivors (2048K)
 Metaspace       used 97794K, capacity 102165K, committed 102356K, reserved 1136640K
  class space    used 12866K, capacity 14487K, committed 14540K, reserved 1048576K
}
Event: 35.978 GC heap after
{Heap after GC invocations=61 (full 0):
 garbage-first heap   total 299008K, used 154479K [0x0000000700000000, 0x0000000800000000)
  region size 1024K, 5 young (5120K), 5 survivors (5120K)
 Metaspace       used 97794K, capacity 102165K, committed 102356K, reserved 1136640K
  class space    used 12866K, capacity 14487K, committed 14540K, reserved 1048576K
}
Event: 36.339 GC heap before
{Heap before GC invocations=62 (full 0):
 garbage-first heap   total 299008K, used 204655K [0x0000000700000000, 0x0000000800000000)
  region size 1024K, 48 young (49152K), 5 survivors (5120K)
 Metaspace       used 99751K, capacity 104155K, committed 104404K, reserved 1138688K
  class space    used 13118K, capacity 14766K, committed 14796K, reserved 1048576K
}
Event: 36.345 GC heap after
{Heap after GC invocations=63 (full 0):
 garbage-first heap   total 299008K, used 167136K [0x0000000700000000, 0x0000000800000000)
  region size 1024K, 6 young (6144K), 6 survivors (6144K)
 Metaspace       used 99751K, capacity 104155K, committed 104404K, reserved 1138688K
  class space    used 13118K, capacity 14766K, committed 14796K, reserved 1048576K
}
Event: 36.536 GC heap before
{Heap before GC invocations=63 (full 0):
 garbage-first heap   total 299008K, used 185568K [0x0000000700000000, 0x0000000800000000)
  region size 1024K, 26 young (26624K), 6 survivors (6144K)
 Metaspace       used 100007K, capacity 104453K, committed 104532K, reserved 1138688K
  class space    used 13153K, capacity 14858K, committed 14924K, reserved 1048576K
}
Event: 36.545 GC heap after
{Heap after GC invocations=64 (full 0):
 garbage-first heap   total 299008K, used 169899K [0x0000000700000000, 0x0000000800000000)
  region size 1024K, 3 young (3072K), 3 survivors (3072K)
 Metaspace       used 100007K, capacity 104453K, committed 104532K, reserved 1138688K
  class space    used 13153K, capacity 14858K, committed 14924K, reserved 1048576K
}
Event: 36.897 GC heap before
{Heap before GC invocations=65 (full 0):
 garbage-first heap   total 299008K, used 211883K [0x0000000700000000, 0x0000000800000000)
  region size 1024K, 43 young (44032K), 3 survivors (3072K)
 Metaspace       used 101936K, capacity 106570K, committed 106836K, reserved 1140736K
  class space    used 13398K, capacity 15135K, committed 15180K, reserved 1048576K
}
Event: 36.905 GC heap after
{Heap after GC invocations=66 (full 0):
 garbage-first heap   total 492544K, used 176069K [0x0000000700000000, 0x0000000800000000)
  region size 1024K, 6 young (6144K), 6 survivors (6144K)
 Metaspace       used 101936K, capacity 106570K, committed 106836K, reserved 1140736K
  class space    used 13398K, capacity 15135K, committed 15180K, reserved 1048576K
}
Event: 37.930 GC heap before
{Heap before GC invocations=66 (full 0):
 garbage-first heap   total 492544K, used 286661K [0x0000000700000000, 0x0000000800000000)
  region size 1024K, 109 young (111616K), 6 survivors (6144K)
 Metaspace       used 107059K, capacity 112291K, committed 112596K, reserved 1146880K
  class space    used 13998K, capacity 16011K, committed 16076K, reserved 1048576K
}
Event: 37.984 GC heap after
{Heap after GC invocations=67 (full 0):
 garbage-first heap   total 492544K, used 197940K [0x0000000700000000, 0x0000000800000000)
  region size 1024K, 14 young (14336K), 14 survivors (14336K)
 Metaspace       used 107059K, capacity 112291K, committed 112596K, reserved 1146880K
  class space    used 13998K, capacity 16011K, committed 16076K, reserved 1048576K
}
Event: 39.011 GC heap before
{Heap before GC invocations=67 (full 0):
 garbage-first heap   total 492544K, used 311604K [0x0000000700000000, 0x0000000800000000)
  region size 1024K, 126 young (129024K), 14 survivors (14336K)
 Metaspace       used 113310K, capacity 118789K, committed 118868K, reserved 1150976K
  class space    used 14873K, capacity 16941K, committed 16972K, reserved 1048576K
}
Event: 39.024 GC heap after
{Heap after GC invocations=68 (full 0):
 garbage-first heap   total 492544K, used 207290K [0x0000000700000000, 0x0000000800000000)
  region size 1024K, 16 young (16384K), 16 survivors (16384K)
 Metaspace       used 113310K, capacity 118789K, committed 118868K, reserved 1150976K
  class space    used 14873K, capacity 16941K, committed 16972K, reserved 1048576K
}
Event: 39.758 GC heap before
{Heap before GC invocations=68 (full 0):
 garbage-first heap   total 492544K, used 331194K [0x0000000700000000, 0x0000000800000000)
  region size 1024K, 137 young (140288K), 16 survivors (16384K)
 Metaspace       used 116330K, capacity 122048K, committed 122068K, reserved 1155072K
  class space    used 15197K, capacity 17336K, committed 17356K, reserved 1048576K
}
Event: 39.785 GC heap after
{Heap after GC invocations=69 (full 0):
 garbage-first heap   total 492544K, used 235616K [0x0000000700000000, 0x0000000800000000)
  region size 1024K, 18 young (18432K), 18 survivors (18432K)
 Metaspace       used 116330K, capacity 122048K, committed 122068K, reserved 1155072K
  class space    used 15197K, capacity 17336K, committed 17356K, reserved 1048576K
}
Event: 335.149 GC heap before
{Heap before GC invocations=69 (full 0):
 garbage-first heap   total 492544K, used 351328K [0x0000000700000000, 0x0000000800000000)
  region size 1024K, 132 young (135168K), 18 survivors (18432K)
 Metaspace       used 121593K, capacity 127433K, committed 127700K, reserved 1159168K
  class space    used 15654K, capacity 17810K, committed 17868K, reserved 1048576K
}

