# JRE version: OpenJDK Runtime Environment Microsoft-7208460 (11.0.18+10) (build 11.0.18+10-LTS)
# Java VM: OpenJDK 64-Bit Server VM Microsoft-7208460 (11.0.18+10-LTS, mixed mode, tiered, compressed oops, g1 gc, windows-amd64)
Heap:
 garbage-first heap   total 183296K, used 92626K [0x0000000085600000, 0x0000000100000000)
  region size 1024K, 28 young (28672K), 3 survivors (3072K)
 Metaspace       used 65455K, capacity 66281K, committed 66384K, reserved 1107968K
  class space    used 7322K, capacity 7667K, committed 7764K, reserved 1048576K
GC Heap History (20 events):
Event: 1.909 GC heap before
{Heap before GC invocations=1 (full 0):
 garbage-first heap   total 126976K, used 41757K [0x0000000085600000, 0x0000000100000000)
  region size 1024K, 39 young (39936K), 3 survivors (3072K)
 Metaspace       used 21010K, capacity 21182K, committed 21248K, reserved 1069056K
  class space    used 2215K, capacity 2280K, committed 2304K, reserved 1048576K
}
Event: 1.924 GC heap after
{Heap after GC invocations=2 (full 0):
 garbage-first heap   total 126976K, used 9207K [0x0000000085600000, 0x0000000100000000)
  region size 1024K, 6 young (6144K), 6 survivors (6144K)
 Metaspace       used 21010K, capacity 21182K, committed 21248K, reserved 1069056K
  class space    used 2215K, capacity 2280K, committed 2304K, reserved 1048576K
}
Event: 3.936 GC heap before
{Heap before GC invocations=3 (full 0):
 garbage-first heap   total 126976K, used 62455K [0x0000000085600000, 0x0000000100000000)
  region size 1024K, 53 young (54272K), 6 survivors (6144K)
 Metaspace       used 32028K, capacity 32410K, committed 32636K, reserved 1077248K
  class space    used 3947K, capacity 4116K, committed 4224K, reserved 1048576K
}
Event: 3.962 GC heap after
{Heap after GC invocations=4 (full 0):
 garbage-first heap   total 126976K, used 20735K [0x0000000085600000, 0x0000000100000000)
  region size 1024K, 7 young (7168K), 7 survivors (7168K)
 Metaspace       used 32028K, capacity 32410K, committed 32636K, reserved 1077248K
  class space    used 3947K, capacity 4116K, committed 4224K, reserved 1048576K
}
Event: 4.368 GC heap before
{Heap before GC invocations=4 (full 0):
 garbage-first heap   total 126976K, used 36095K [0x0000000085600000, 0x0000000100000000)
  region size 1024K, 23 young (23552K), 7 survivors (7168K)
 Metaspace       used 35485K, capacity 35882K, committed 36048K, reserved 1081344K
  class space    used 4329K, capacity 4506K, committed 4564K, reserved 1048576K
}
Event: 4.385 GC heap after
{Heap after GC invocations=5 (full 0):
 garbage-first heap   total 126976K, used 20981K [0x0000000085600000, 0x0000000100000000)
  region size 1024K, 2 young (2048K), 2 survivors (2048K)
 Metaspace       used 35485K, capacity 35882K, committed 36048K, reserved 1081344K
  class space    used 4329K, capacity 4506K, committed 4564K, reserved 1048576K
}
Event: 6.171 GC heap before
{Heap before GC invocations=6 (full 0):
 garbage-first heap   total 126976K, used 67061K [0x0000000085600000, 0x0000000100000000)
  region size 1024K, 47 young (48128K), 2 survivors (2048K)
 Metaspace       used 44972K, capacity 45506K, committed 45776K, reserved 1089536K
  class space    used 5255K, capacity 5445K, committed 5588K, reserved 1048576K
}
Event: 6.184 GC heap after
{Heap after GC invocations=7 (full 0):
 garbage-first heap   total 152576K, used 26112K [0x0000000085600000, 0x0000000100000000)
  region size 1024K, 6 young (6144K), 6 survivors (6144K)
 Metaspace       used 44972K, capacity 45506K, committed 45776K, reserved 1089536K
  class space    used 5255K, capacity 5445K, committed 5588K, reserved 1048576K
}
Event: 7.382 GC heap before
{Heap before GC invocations=7 (full 0):
 garbage-first heap   total 152576K, used 83456K [0x0000000085600000, 0x0000000100000000)
  region size 1024K, 59 young (60416K), 6 survivors (6144K)
 Metaspace       used 49999K, capacity 50582K, committed 50896K, reserved 1093632K
  class space    used 5770K, capacity 5998K, committed 6100K, reserved 1048576K
}
Event: 7.405 GC heap after
{Heap after GC invocations=8 (full 0):
 garbage-first heap   total 152576K, used 36485K [0x0000000085600000, 0x0000000100000000)
  region size 1024K, 8 young (8192K), 8 survivors (8192K)
 Metaspace       used 49999K, capacity 50582K, committed 50896K, reserved 1093632K
  class space    used 5770K, capacity 5998K, committed 6100K, reserved 1048576K
}
Event: 10.165 GC heap before
{Heap before GC invocations=8 (full 0):
 garbage-first heap   total 152576K, used 92805K [0x0000000085600000, 0x0000000100000000)
  region size 1024K, 63 young (64512K), 8 survivors (8192K)
 Metaspace       used 59056K, capacity 59818K, committed 59856K, reserved 1101824K
  class space    used 6768K, capacity 7095K, committed 7124K, reserved 1048576K
}
Event: 10.186 GC heap after
{Heap after GC invocations=9 (full 0):
 garbage-first heap   total 152576K, used 44043K [0x0000000085600000, 0x0000000100000000)
  region size 1024K, 8 young (8192K), 8 survivors (8192K)
 Metaspace       used 59056K, capacity 59818K, committed 59856K, reserved 1101824K
  class space    used 6768K, capacity 7095K, committed 7124K, reserved 1048576K
}
Event: 10.348 GC heap before
{Heap before GC invocations=9 (full 0):
 garbage-first heap   total 152576K, used 48139K [0x0000000085600000, 0x0000000100000000)
  region size 1024K, 13 young (13312K), 8 survivors (8192K)
 Metaspace       used 59527K, capacity 60322K, committed 60496K, reserved 1101824K
  class space    used 6804K, capacity 7133K, committed 7252K, reserved 1048576K
}
Event: 10.364 GC heap after
{Heap after GC invocations=10 (full 0):
 garbage-first heap   total 152576K, used 45537K [0x0000000085600000, 0x0000000100000000)
  region size 1024K, 2 young (2048K), 2 survivors (2048K)
 Metaspace       used 59527K, capacity 60322K, committed 60496K, reserved 1101824K
  class space    used 6804K, capacity 7133K, committed 7252K, reserved 1048576K
}
Event: 11.405 GC heap before
{Heap before GC invocations=11 (full 0):
 garbage-first heap   total 152576K, used 95713K [0x0000000085600000, 0x0000000100000000)
  region size 1024K, 51 young (52224K), 2 survivors (2048K)
 Metaspace       used 60263K, capacity 61081K, committed 61264K, reserved 1103872K
  class space    used 6851K, capacity 7173K, committed 7252K, reserved 1048576K
}
Event: 11.426 GC heap after
{Heap after GC invocations=12 (full 0):
 garbage-first heap   total 183296K, used 54761K [0x0000000085600000, 0x0000000100000000)
  region size 1024K, 7 young (7168K), 7 survivors (7168K)
 Metaspace       used 60263K, capacity 61081K, committed 61264K, reserved 1103872K
  class space    used 6851K, capacity 7173K, committed 7252K, reserved 1048576K
}
Event: 12.926 GC heap before
{Heap before GC invocations=12 (full 0):
 garbage-first heap   total 183296K, used 114153K [0x0000000085600000, 0x0000000100000000)
  region size 1024K, 65 young (66560K), 7 survivors (7168K)
 Metaspace       used 61553K, capacity 62403K, committed 62672K, reserved 1103872K
  class space    used 6986K, capacity 7336K, committed 7380K, reserved 1048576K
}
Event: 12.963 GC heap after
{Heap after GC invocations=13 (full 0):
 garbage-first heap   total 183296K, used 64700K [0x0000000085600000, 0x0000000100000000)
  region size 1024K, 9 young (9216K), 9 survivors (9216K)
 Metaspace       used 61553K, capacity 62403K, committed 62672K, reserved 1103872K
  class space    used 6986K, capacity 7336K, committed 7380K, reserved 1048576K
}
Event: 14.056 GC heap before
{Heap before GC invocations=13 (full 0):
 garbage-first heap   total 183296K, used 123068K [0x0000000085600000, 0x0000000100000000)
  region size 1024K, 66 young (67584K), 9 survivors (9216K)
 Metaspace       used 62518K, capacity 63329K, committed 63568K, reserved 1105920K
  class space    used 7068K, capacity 7409K, committed 7508K, reserved 1048576K
}
Event: 14.070 GC heap after
{Heap after GC invocations=14 (full 0):
 garbage-first heap   total 183296K, used 68050K [0x0000000085600000, 0x0000000100000000)
  region size 1024K, 3 young (3072K), 3 survivors (3072K)
 Metaspace       used 62518K, capacity 63329K, committed 63568K, reserved 1105920K
  class space    used 7068K, capacity 7409K, committed 7508K, reserved 1048576K
}

