# JRE version: OpenJDK Runtime Environment Microsoft-7208460 (11.0.18+10) (build 11.0.18+10-LTS)
# Java VM: OpenJDK 64-Bit Server VM Microsoft-7208460 (11.0.18+10-LTS, mixed mode, tiered, compressed oops, g1 gc, windows-amd64)
Heap:
 garbage-first heap   total 126976K, used 93804K [0x0000000700000000, 0x0000000800000000)
  region size 1024K, 19 young (19456K), 3 survivors (3072K)
 Metaspace       used 84051K, capacity 86483K, committed 86612K, reserved 1124352K
  class space    used 10829K, capacity 11830K, committed 11852K, reserved 1048576K
GC Heap History (20 events):
Event: 45.654 GC heap before
{Heap before GC invocations=16 (full 0):
 garbage-first heap   total 126976K, used 95694K [0x0000000700000000, 0x0000000800000000)
  region size 1024K, 51 young (52224K), 3 survivors (3072K)
 Metaspace       used 64719K, capacity 66693K, committed 66900K, reserved 1107968K
  class space    used 8426K, capacity 9218K, committed 9292K, reserved 1048576K
}
Event: 45.658 GC heap after
{Heap after GC invocations=17 (full 0):
 garbage-first heap   total 126976K, used 49819K [0x0000000700000000, 0x0000000800000000)
  region size 1024K, 5 young (5120K), 5 survivors (5120K)
 Metaspace       used 64719K, capacity 66693K, committed 66900K, reserved 1107968K
  class space    used 8426K, capacity 9218K, committed 9292K, reserved 1048576K
}
Event: 47.447 GC heap before
{Heap before GC invocations=17 (full 0):
 garbage-first heap   total 126976K, used 98971K [0x0000000700000000, 0x0000000800000000)
  region size 1024K, 53 young (54272K), 5 survivors (5120K)
 Metaspace       used 67881K, capacity 70003K, committed 70228K, reserved 1110016K
  class space    used 8868K, capacity 9733K, committed 9804K, reserved 1048576K
}
Event: 47.464 GC heap after
{Heap after GC invocations=18 (full 0):
 garbage-first heap   total 126976K, used 53313K [0x0000000700000000, 0x0000000800000000)
  region size 1024K, 7 young (7168K), 7 survivors (7168K)
 Metaspace       used 67881K, capacity 70003K, committed 70228K, reserved 1110016K
  class space    used 8868K, capacity 9733K, committed 9804K, reserved 1048576K
}
Event: 49.232 GC heap before
{Heap before GC invocations=18 (full 0):
 garbage-first heap   total 126976K, used 99393K [0x0000000700000000, 0x0000000800000000)
  region size 1024K, 53 young (54272K), 7 survivors (7168K)
 Metaspace       used 70928K, capacity 73033K, committed 73172K, reserved 1112064K
  class space    used 9242K, capacity 10120K, committed 10188K, reserved 1048576K
}
Event: 49.252 GC heap after
{Heap after GC invocations=19 (full 0):
 garbage-first heap   total 126976K, used 57870K [0x0000000700000000, 0x0000000800000000)
  region size 1024K, 7 young (7168K), 7 survivors (7168K)
 Metaspace       used 70928K, capacity 73033K, committed 73172K, reserved 1112064K
  class space    used 9242K, capacity 10120K, committed 10188K, reserved 1048576K
}
Event: 50.326 GC heap before
{Heap before GC invocations=19 (full 0):
 garbage-first heap   total 126976K, used 103950K [0x0000000700000000, 0x0000000800000000)
  region size 1024K, 50 young (51200K), 7 survivors (7168K)
 Metaspace       used 74628K, capacity 76837K, committed 77012K, reserved 1116160K
  class space    used 9644K, capacity 10571K, committed 10700K, reserved 1048576K
}
Event: 50.347 GC heap after
{Heap after GC invocations=20 (full 0):
 garbage-first heap   total 126976K, used 65571K [0x0000000700000000, 0x0000000800000000)
  region size 1024K, 6 young (6144K), 6 survivors (6144K)
 Metaspace       used 74628K, capacity 76837K, committed 77012K, reserved 1116160K
  class space    used 9644K, capacity 10571K, committed 10700K, reserved 1048576K
}
Event: 50.667 GC heap before
{Heap before GC invocations=20 (full 0):
 garbage-first heap   total 126976K, used 73763K [0x0000000700000000, 0x0000000800000000)
  region size 1024K, 16 young (16384K), 6 survivors (6144K)
 Metaspace       used 75627K, capacity 77808K, committed 78036K, reserved 1116160K
  class space    used 9738K, capacity 10639K, committed 10700K, reserved 1048576K
}
Event: 50.697 GC heap after
{Heap after GC invocations=21 (full 0):
 garbage-first heap   total 126976K, used 67593K [0x0000000700000000, 0x0000000800000000)
  region size 1024K, 3 young (3072K), 3 survivors (3072K)
 Metaspace       used 75627K, capacity 77808K, committed 78036K, reserved 1116160K
  class space    used 9738K, capacity 10639K, committed 10700K, reserved 1048576K
}
Event: 51.637 GC heap before
{Heap before GC invocations=22 (full 0):
 garbage-first heap   total 126976K, used 86025K [0x0000000700000000, 0x0000000800000000)
  region size 1024K, 21 young (21504K), 3 survivors (3072K)
 Metaspace       used 78490K, capacity 80743K, committed 80980K, reserved 1120256K
  class space    used 10059K, capacity 11001K, committed 11084K, reserved 1048576K
}
Event: 51.641 GC heap after
{Heap after GC invocations=23 (full 0):
 garbage-first heap   total 126976K, used 70092K [0x0000000700000000, 0x0000000800000000)
  region size 1024K, 5 young (5120K), 5 survivors (5120K)
 Metaspace       used 78490K, capacity 80743K, committed 80980K, reserved 1120256K
  class space    used 10059K, capacity 11001K, committed 11084K, reserved 1048576K
}
Event: 52.188 GC heap before
{Heap before GC invocations=24 (full 0):
 garbage-first heap   total 126976K, used 111052K [0x0000000700000000, 0x0000000800000000)
  region size 1024K, 38 young (38912K), 5 survivors (5120K)
 Metaspace       used 80454K, capacity 82700K, committed 83028K, reserved 1122304K
  class space    used 10315K, capacity 11263K, committed 11340K, reserved 1048576K
}
Event: 52.195 GC heap after
{Heap after GC invocations=25 (full 0):
 garbage-first heap   total 126976K, used 72779K [0x0000000700000000, 0x0000000800000000)
  region size 1024K, 4 young (4096K), 4 survivors (4096K)
 Metaspace       used 80454K, capacity 82700K, committed 83028K, reserved 1122304K
  class space    used 10315K, capacity 11263K, committed 11340K, reserved 1048576K
}
Event: 52.538 GC heap before
{Heap before GC invocations=25 (full 0):
 garbage-first heap   total 126976K, used 96331K [0x0000000700000000, 0x0000000800000000)
  region size 1024K, 28 young (28672K), 4 survivors (4096K)
 Metaspace       used 82509K, capacity 84881K, committed 85076K, reserved 1122304K
  class space    used 10593K, capacity 11560K, committed 11596K, reserved 1048576K
}
Event: 52.543 GC heap after
{Heap after GC invocations=26 (full 0):
 garbage-first heap   total 126976K, used 74369K [0x0000000700000000, 0x0000000800000000)
  region size 1024K, 2 young (2048K), 2 survivors (2048K)
 Metaspace       used 82509K, capacity 84881K, committed 85076K, reserved 1122304K
  class space    used 10593K, capacity 11560K, committed 11596K, reserved 1048576K
}
Event: 52.923 GC heap before
{Heap before GC invocations=27 (full 0):
 garbage-first heap   total 126976K, used 105089K [0x0000000700000000, 0x0000000800000000)
  region size 1024K, 31 young (31744K), 2 survivors (2048K)
 Metaspace       used 83818K, capacity 86127K, committed 86356K, reserved 1124352K
  class space    used 10797K, capacity 11754K, committed 11852K, reserved 1048576K
}
Event: 52.928 GC heap after
{Heap after GC invocations=28 (full 0):
 garbage-first heap   total 126976K, used 76187K [0x0000000700000000, 0x0000000800000000)
  region size 1024K, 4 young (4096K), 4 survivors (4096K)
 Metaspace       used 83818K, capacity 86127K, committed 86356K, reserved 1124352K
  class space    used 10797K, capacity 11754K, committed 11852K, reserved 1048576K
}
Event: 53.107 GC heap before
{Heap before GC invocations=28 (full 0):
 garbage-first heap   total 126976K, used 104859K [0x0000000700000000, 0x0000000800000000)
  region size 1024K, 32 young (32768K), 4 survivors (4096K)
 Metaspace       used 83980K, capacity 86339K, committed 86612K, reserved 1124352K
  class space    used 10818K, capacity 11826K, committed 11852K, reserved 1048576K
}
Event: 53.114 GC heap after
{Heap after GC invocations=29 (full 0):
 garbage-first heap   total 126976K, used 78444K [0x0000000700000000, 0x0000000800000000)
  region size 1024K, 3 young (3072K), 3 survivors (3072K)
 Metaspace       used 83980K, capacity 86339K, committed 86612K, reserved 1124352K
  class space    used 10818K, capacity 11826K, committed 11852K, reserved 1048576K
}

