# JRE version: OpenJDK Runtime Environment Microsoft-7208460 (11.0.18+10) (build 11.0.18+10-LTS)
# Java VM: OpenJDK 64-Bit Server VM Microsoft-7208460 (11.0.18+10-LTS, mixed mode, tiered, compressed oops, g1 gc, windows-amd64)
Heap:
 garbage-first heap   total 126976K, used 63601K [0x0000000700000000, 0x0000000800000000)
  region size 1024K, 48 young (49152K), 3 survivors (3072K)
 Metaspace       used 25276K, capacity 25851K, committed 25904K, reserved 1071104K
  class space    used 3211K, capacity 3415K, committed 3456K, reserved 1048576K
GC Heap History (6 events):
Event: 2.270 GC heap before
{Heap before GC invocations=0 (full 0):
 garbage-first heap   total 126976K, used 29696K [0x0000000700000000, 0x0000000800000000)
  region size 1024K, 24 young (24576K), 0 survivors (0K)
 Metaspace       used 9730K, capacity 9968K, committed 10112K, reserved 1058816K
  class space    used 986K, capacity 1069K, committed 1152K, reserved 1048576K
}
Event: 2.328 GC heap after
{Heap after GC invocations=1 (full 0):
 garbage-first heap   total 126976K, used 9374K [0x0000000700000000, 0x0000000800000000)
  region size 1024K, 3 young (3072K), 3 survivors (3072K)
 Metaspace       used 9730K, capacity 9968K, committed 10112K, reserved 1058816K
  class space    used 986K, capacity 1069K, committed 1152K, reserved 1048576K
}
Event: 9.334 GC heap before
{Heap before GC invocations=1 (full 0):
 garbage-first heap   total 126976K, used 83102K [0x0000000700000000, 0x0000000800000000)
  region size 1024K, 74 young (75776K), 3 survivors (3072K)
 Metaspace       used 18015K, capacity 18376K, committed 18688K, reserved 1064960K
  class space    used 2104K, capacity 2213K, committed 2304K, reserved 1048576K
}
Event: 9.384 GC heap after
{Heap after GC invocations=2 (full 0):
 garbage-first heap   total 126976K, used 16735K [0x0000000700000000, 0x0000000800000000)
  region size 1024K, 10 young (10240K), 10 survivors (10240K)
 Metaspace       used 18015K, capacity 18376K, committed 18688K, reserved 1064960K
  class space    used 2104K, capacity 2213K, committed 2304K, reserved 1048576K
}
Event: 9.807 GC heap before
{Heap before GC invocations=2 (full 0):
 garbage-first heap   total 126976K, used 35167K [0x0000000700000000, 0x0000000800000000)
  region size 1024K, 30 young (30720K), 10 survivors (10240K)
 Metaspace       used 20707K, capacity 21137K, committed 21296K, reserved 1069056K
  class space    used 2474K, capacity 2626K, committed 2688K, reserved 1048576K
}
Event: 9.816 GC heap after
{Heap after GC invocations=3 (full 0):
 garbage-first heap   total 126976K, used 17521K [0x0000000700000000, 0x0000000800000000)
  region size 1024K, 1 young (1024K), 1 survivors (1024K)
 Metaspace       used 20707K, capacity 21137K, committed 21296K, reserved 1069056K
  class space    used 2474K, capacity 2626K, committed 2688K, reserved 1048576K
}

