# JRE version: OpenJDK Runtime Environment Microsoft-7208460 (11.0.18+10) (build 11.0.18+10-LTS)
# Java VM: OpenJDK 64-Bit Server VM Microsoft-7208460 (11.0.18+10-LTS, mixed mode, tiered, compressed oops, g1 gc, windows-amd64)
Heap:
 garbage-first heap   total 307200K, used 205293K [0x0000000700000000, 0x0000000800000000)
  region size 1024K, 2 young (2048K), 2 survivors (2048K)
 Metaspace       used 111319K, capacity 117000K, committed 117128K, reserved 1150976K
  class space    used 14578K, capacity 16710K, committed 16768K, reserved 1048576K
GC Heap History (20 events):
Event: 219.819 GC heap after
{Heap after GC invocations=128 (full 0):
 garbage-first heap   total 207872K, used 195006K [0x0000000700000000, 0x0000000800000000)
  region size 1024K, 1 young (1024K), 1 survivors (1024K)
 Metaspace       used 104999K, capacity 110441K, committed 110600K, reserved 1144832K
  class space    used 13819K, capacity 15830K, committed 15872K, reserved 1048576K
}
Event: 219.999 GC heap before
{Heap before GC invocations=128 (full 0):
 garbage-first heap   total 207872K, used 203198K [0x0000000700000000, 0x0000000800000000)
  region size 1024K, 10 young (10240K), 1 survivors (1024K)
 Metaspace       used 105426K, capacity 110857K, committed 111112K, reserved 1144832K
  class space    used 13864K, capacity 15862K, committed 15872K, reserved 1048576K
}
Event: 220.002 GC heap after
{Heap after GC invocations=129 (full 0):
 garbage-first heap   total 207872K, used 195577K [0x0000000700000000, 0x0000000800000000)
  region size 1024K, 1 young (1024K), 1 survivors (1024K)
 Metaspace       used 105426K, capacity 110857K, committed 111112K, reserved 1144832K
  class space    used 13864K, capacity 15862K, committed 15872K, reserved 1048576K
}
Event: 220.250 GC heap before
{Heap before GC invocations=129 (full 0):
 garbage-first heap   total 207872K, used 204793K [0x0000000700000000, 0x0000000800000000)
  region size 1024K, 10 young (10240K), 1 survivors (1024K)
 Metaspace       used 105635K, capacity 111139K, committed 111240K, reserved 1144832K
  class space    used 13895K, capacity 15937K, committed 16000K, reserved 1048576K
}
Event: 220.254 GC heap after
{Heap after GC invocations=130 (full 0):
 garbage-first heap   total 207872K, used 196719K [0x0000000700000000, 0x0000000800000000)
  region size 1024K, 2 young (2048K), 2 survivors (2048K)
 Metaspace       used 105635K, capacity 111139K, committed 111240K, reserved 1144832K
  class space    used 13895K, capacity 15937K, committed 16000K, reserved 1048576K
}
Event: 220.384 GC heap before
{Heap before GC invocations=131 (full 0):
 garbage-first heap   total 207872K, used 203887K [0x0000000700000000, 0x0000000800000000)
  region size 1024K, 10 young (10240K), 2 survivors (2048K)
 Metaspace       used 106061K, capacity 111523K, committed 111880K, reserved 1144832K
  class space    used 13946K, capacity 16001K, committed 16128K, reserved 1048576K
}
Event: 220.387 GC heap after
{Heap after GC invocations=132 (full 0):
 garbage-first heap   total 208896K, used 197490K [0x0000000700000000, 0x0000000800000000)
  region size 1024K, 1 young (1024K), 1 survivors (1024K)
 Metaspace       used 106061K, capacity 111523K, committed 111880K, reserved 1144832K
  class space    used 13946K, capacity 16001K, committed 16128K, reserved 1048576K
}
Event: 220.772 GC heap before
{Heap before GC invocations=132 (full 0):
 garbage-first heap   total 208896K, used 206706K [0x0000000700000000, 0x0000000800000000)
  region size 1024K, 10 young (10240K), 1 survivors (1024K)
 Metaspace       used 106394K, capacity 111945K, committed 112136K, reserved 1144832K
  class space    used 13993K, capacity 16076K, committed 16128K, reserved 1048576K
}
Event: 220.776 GC heap after
{Heap after GC invocations=133 (full 0):
 garbage-first heap   total 209920K, used 198986K [0x0000000700000000, 0x0000000800000000)
  region size 1024K, 2 young (2048K), 2 survivors (2048K)
 Metaspace       used 106394K, capacity 111945K, committed 112136K, reserved 1144832K
  class space    used 13993K, capacity 16076K, committed 16128K, reserved 1048576K
}
Event: 221.040 GC heap before
{Heap before GC invocations=133 (full 0):
 garbage-first heap   total 209920K, used 206154K [0x0000000700000000, 0x0000000800000000)
  region size 1024K, 10 young (10240K), 2 survivors (2048K)
 Metaspace       used 106855K, capacity 112361K, committed 112392K, reserved 1146880K
  class space    used 14026K, capacity 16108K, committed 16128K, reserved 1048576K
}
Event: 221.047 GC heap after
{Heap after GC invocations=134 (full 0):
 garbage-first heap   total 212992K, used 201777K [0x0000000700000000, 0x0000000800000000)
  region size 1024K, 2 young (2048K), 2 survivors (2048K)
 Metaspace       used 106855K, capacity 112361K, committed 112392K, reserved 1146880K
  class space    used 14026K, capacity 16108K, committed 16128K, reserved 1048576K
}
Event: 221.772 GC heap before
{Heap before GC invocations=135 (full 0):
 garbage-first heap   total 212992K, used 208945K [0x0000000700000000, 0x0000000800000000)
  region size 1024K, 10 young (10240K), 2 survivors (2048K)
 Metaspace       used 108284K, capacity 113864K, committed 114056K, reserved 1146880K
  class space    used 14142K, capacity 16216K, committed 16256K, reserved 1048576K
}
Event: 221.780 GC heap after
{Heap after GC invocations=136 (full 0):
 garbage-first heap   total 256000K, used 202709K [0x0000000700000000, 0x0000000800000000)
  region size 1024K, 1 young (1024K), 1 survivors (1024K)
 Metaspace       used 108284K, capacity 113864K, committed 114056K, reserved 1146880K
  class space    used 14142K, capacity 16216K, committed 16256K, reserved 1048576K
}
Event: 222.266 GC heap before
{Heap before GC invocations=136 (full 0):
 garbage-first heap   total 256000K, used 216021K [0x0000000700000000, 0x0000000800000000)
  region size 1024K, 14 young (14336K), 1 survivors (1024K)
 Metaspace       used 108934K, capacity 114519K, committed 114696K, reserved 1148928K
  class space    used 14249K, capacity 16322K, committed 16384K, reserved 1048576K
}
Event: 222.272 GC heap after
{Heap after GC invocations=137 (full 0):
 garbage-first heap   total 256000K, used 203075K [0x0000000700000000, 0x0000000800000000)
  region size 1024K, 2 young (2048K), 2 survivors (2048K)
 Metaspace       used 108934K, capacity 114519K, committed 114696K, reserved 1148928K
  class space    used 14249K, capacity 16322K, committed 16384K, reserved 1048576K
}
Event: 222.784 GC heap before
{Heap before GC invocations=138 (full 0):
 garbage-first heap   total 256000K, used 216387K [0x0000000700000000, 0x0000000800000000)
  region size 1024K, 15 young (15360K), 2 survivors (2048K)
 Metaspace       used 109594K, capacity 115227K, committed 115336K, reserved 1148928K
  class space    used 14353K, capacity 16465K, committed 16512K, reserved 1048576K
}
Event: 222.789 GC heap after
{Heap after GC invocations=139 (full 0):
 garbage-first heap   total 256000K, used 203774K [0x0000000700000000, 0x0000000800000000)
  region size 1024K, 2 young (2048K), 2 survivors (2048K)
 Metaspace       used 109594K, capacity 115227K, committed 115336K, reserved 1148928K
  class space    used 14353K, capacity 16465K, committed 16512K, reserved 1048576K
}
Event: 223.098 GC heap before
{Heap before GC invocations=139 (full 0):
 garbage-first heap   total 256000K, used 218110K [0x0000000700000000, 0x0000000800000000)
  region size 1024K, 16 young (16384K), 2 survivors (2048K)
 Metaspace       used 110471K, capacity 116109K, committed 116232K, reserved 1148928K
  class space    used 14462K, capacity 16564K, committed 16640K, reserved 1048576K
}
Event: 223.102 GC heap after
{Heap after GC invocations=140 (full 0):
 garbage-first heap   total 256000K, used 204537K [0x0000000700000000, 0x0000000800000000)
  region size 1024K, 2 young (2048K), 2 survivors (2048K)
 Metaspace       used 110471K, capacity 116109K, committed 116232K, reserved 1148928K
  class space    used 14462K, capacity 16564K, committed 16640K, reserved 1048576K
}
Event: 223.857 GC heap before
{Heap before GC invocations=141 (full 0):
 garbage-first heap   total 256000K, used 218873K [0x0000000700000000, 0x0000000800000000)
  region size 1024K, 16 young (16384K), 2 survivors (2048K)
 Metaspace       used 111319K, capacity 117000K, committed 117128K, reserved 1150976K
  class space    used 14578K, capacity 16710K, committed 16768K, reserved 1048576K
}

