# JRE version: OpenJDK Runtime Environment Microsoft-7208460 (11.0.18+10) (build 11.0.18+10-LTS)
# Java VM: OpenJDK 64-Bit Server VM Microsoft-7208460 (11.0.18+10-LTS, mixed mode, tiered, compressed oops, g1 gc, windows-amd64)
Heap:
 garbage-first heap   total 152576K, used 98378K [0x0000000085600000, 0x0000000100000000)
  region size 1024K, 47 young (48128K), 6 survivors (6144K)
 Metaspace       used 68030K, capacity 68891K, committed 69200K, reserved 1110016K
  class space    used 7547K, capacity 7908K, committed 8020K, reserved 1048576K
GC Heap History (20 events):
Event: 2.039 GC heap before
{Heap before GC invocations=0 (full 0):
 garbage-first heap   total 126976K, used 27648K [0x0000000085600000, 0x0000000100000000)
  region size 1024K, 24 young (24576K), 0 survivors (0K)
 Metaspace       used 12368K, capacity 12504K, committed 12800K, reserved 1060864K
  class space    used 1150K, capacity 1207K, committed 1280K, reserved 1048576K
}
Event: 2.081 GC heap after
{Heap after GC invocations=1 (full 0):
 garbage-first heap   total 126976K, used 5819K [0x0000000085600000, 0x0000000100000000)
  region size 1024K, 3 young (3072K), 3 survivors (3072K)
 Metaspace       used 12368K, capacity 12504K, committed 12800K, reserved 1060864K
  class space    used 1150K, capacity 1207K, committed 1280K, reserved 1048576K
}
Event: 3.822 GC heap before
{Heap before GC invocations=1 (full 0):
 garbage-first heap   total 126976K, used 41659K [0x0000000085600000, 0x0000000100000000)
  region size 1024K, 39 young (39936K), 3 survivors (3072K)
 Metaspace       used 21031K, capacity 21182K, committed 21248K, reserved 1069056K
  class space    used 2215K, capacity 2280K, committed 2304K, reserved 1048576K
}
Event: 3.843 GC heap after
{Heap after GC invocations=2 (full 0):
 garbage-first heap   total 126976K, used 9396K [0x0000000085600000, 0x0000000100000000)
  region size 1024K, 7 young (7168K), 7 survivors (7168K)
 Metaspace       used 21031K, capacity 21182K, committed 21248K, reserved 1069056K
  class space    used 2215K, capacity 2280K, committed 2304K, reserved 1048576K
}
Event: 7.410 GC heap before
{Heap before GC invocations=3 (full 0):
 garbage-first heap   total 126976K, used 62644K [0x0000000085600000, 0x0000000100000000)
  region size 1024K, 54 young (55296K), 7 survivors (7168K)
 Metaspace       used 32292K, capacity 32735K, committed 32892K, reserved 1077248K
  class space    used 3991K, capacity 4182K, committed 4224K, reserved 1048576K
}
Event: 7.436 GC heap after
{Heap after GC invocations=4 (full 0):
 garbage-first heap   total 126976K, used 20768K [0x0000000085600000, 0x0000000100000000)
  region size 1024K, 7 young (7168K), 7 survivors (7168K)
 Metaspace       used 32292K, capacity 32735K, committed 32892K, reserved 1077248K
  class space    used 3991K, capacity 4182K, committed 4224K, reserved 1048576K
}
Event: 7.825 GC heap before
{Heap before GC invocations=4 (full 0):
 garbage-first heap   total 126976K, used 35104K [0x0000000085600000, 0x0000000100000000)
  region size 1024K, 22 young (22528K), 7 survivors (7168K)
 Metaspace       used 35488K, capacity 35914K, committed 36048K, reserved 1081344K
  class space    used 4342K, capacity 4538K, committed 4564K, reserved 1048576K
}
Event: 7.841 GC heap after
{Heap after GC invocations=5 (full 0):
 garbage-first heap   total 126976K, used 20746K [0x0000000085600000, 0x0000000100000000)
  region size 1024K, 2 young (2048K), 2 survivors (2048K)
 Metaspace       used 35488K, capacity 35914K, committed 36048K, reserved 1081344K
  class space    used 4342K, capacity 4538K, committed 4564K, reserved 1048576K
}
Event: 9.734 GC heap before
{Heap before GC invocations=6 (full 0):
 garbage-first heap   total 126976K, used 65802K [0x0000000085600000, 0x0000000100000000)
  region size 1024K, 46 young (47104K), 2 survivors (2048K)
 Metaspace       used 44557K, capacity 44998K, committed 45136K, reserved 1089536K
  class space    used 5194K, capacity 5382K, committed 5460K, reserved 1048576K
}
Event: 9.746 GC heap after
{Heap after GC invocations=7 (full 0):
 garbage-first heap   total 126976K, used 25600K [0x0000000085600000, 0x0000000100000000)
  region size 1024K, 6 young (6144K), 6 survivors (6144K)
 Metaspace       used 44557K, capacity 44998K, committed 45136K, reserved 1089536K
  class space    used 5194K, capacity 5382K, committed 5460K, reserved 1048576K
}
Event: 10.986 GC heap before
{Heap before GC invocations=7 (full 0):
 garbage-first heap   total 126976K, used 75776K [0x0000000085600000, 0x0000000100000000)
  region size 1024K, 52 young (53248K), 6 survivors (6144K)
 Metaspace       used 48872K, capacity 49424K, committed 49744K, reserved 1093632K
  class space    used 5643K, capacity 5869K, committed 5972K, reserved 1048576K
}
Event: 11.006 GC heap after
{Heap after GC invocations=8 (full 0):
 garbage-first heap   total 126976K, used 32930K [0x0000000085600000, 0x0000000100000000)
  region size 1024K, 5 young (5120K), 5 survivors (5120K)
 Metaspace       used 48872K, capacity 49424K, committed 49744K, reserved 1093632K
  class space    used 5643K, capacity 5869K, committed 5972K, reserved 1048576K
}
Event: 15.016 GC heap before
{Heap before GC invocations=8 (full 0):
 garbage-first heap   total 126976K, used 79010K [0x0000000085600000, 0x0000000100000000)
  region size 1024K, 50 young (51200K), 5 survivors (5120K)
 Metaspace       used 58031K, capacity 58701K, committed 58832K, reserved 1101824K
  class space    used 6757K, capacity 7035K, committed 7124K, reserved 1048576K
}
Event: 15.040 GC heap after
{Heap after GC invocations=9 (full 0):
 garbage-first heap   total 152576K, used 38347K [0x0000000085600000, 0x0000000100000000)
  region size 1024K, 6 young (6144K), 6 survivors (6144K)
 Metaspace       used 58031K, capacity 58701K, committed 58832K, reserved 1101824K
  class space    used 6757K, capacity 7035K, committed 7124K, reserved 1048576K
}
Event: 17.160 GC heap before
{Heap before GC invocations=9 (full 0):
 garbage-first heap   total 152576K, used 56779K [0x0000000085600000, 0x0000000100000000)
  region size 1024K, 25 young (25600K), 6 survivors (6144K)
 Metaspace       used 59686K, capacity 60440K, committed 60496K, reserved 1101824K
  class space    used 6920K, capacity 7238K, committed 7252K, reserved 1048576K
}
Event: 17.178 GC heap after
{Heap after GC invocations=10 (full 0):
 garbage-first heap   total 152576K, used 42264K [0x0000000085600000, 0x0000000100000000)
  region size 1024K, 4 young (4096K), 4 survivors (4096K)
 Metaspace       used 59686K, capacity 60440K, committed 60496K, reserved 1101824K
  class space    used 6920K, capacity 7238K, committed 7252K, reserved 1048576K
}
Event: 20.235 GC heap before
{Heap before GC invocations=11 (full 0):
 garbage-first heap   total 152576K, used 98584K [0x0000000085600000, 0x0000000100000000)
  region size 1024K, 59 young (60416K), 4 survivors (4096K)
 Metaspace       used 62282K, capacity 63136K, committed 63312K, reserved 1105920K
  class space    used 7126K, capacity 7474K, committed 7508K, reserved 1048576K
}
Event: 20.264 GC heap after
{Heap after GC invocations=12 (full 0):
 garbage-first heap   total 152576K, used 51519K [0x0000000085600000, 0x0000000100000000)
  region size 1024K, 8 young (8192K), 8 survivors (8192K)
 Metaspace       used 62282K, capacity 63136K, committed 63312K, reserved 1105920K
  class space    used 7126K, capacity 7474K, committed 7508K, reserved 1048576K
}
Event: 24.855 GC heap before
{Heap before GC invocations=12 (full 0):
 garbage-first heap   total 152576K, used 105791K [0x0000000085600000, 0x0000000100000000)
  region size 1024K, 61 young (62464K), 8 survivors (8192K)
 Metaspace       used 65544K, capacity 66396K, committed 66640K, reserved 1107968K
  class space    used 7376K, capacity 7728K, committed 7764K, reserved 1048576K
}
Event: 25.179 GC heap after
{Heap after GC invocations=13 (full 0):
 garbage-first heap   total 152576K, used 57418K [0x0000000085600000, 0x0000000100000000)
  region size 1024K, 6 young (6144K), 6 survivors (6144K)
 Metaspace       used 65544K, capacity 66396K, committed 66640K, reserved 1107968K
  class space    used 7376K, capacity 7728K, committed 7764K, reserved 1048576K
}

