# JRE version: OpenJDK Runtime Environment Microsoft-7208460 (11.0.18+10) (build 11.0.18+10-LTS)
# Java VM: OpenJDK 64-Bit Server VM Microsoft-7208460 (11.0.18+10-LTS, mixed mode, tiered, compressed oops, g1 gc, windows-amd64)
Heap:
 garbage-first heap   total 126976K, used 19268K [0x0000000700000000, 0x0000000800000000)
  region size 1024K, 4 young (4096K), 1 survivors (1024K)
 Metaspace       used 21049K, capacity 21548K, committed 21936K, reserved 1069056K
  class space    used 2540K, capacity 2700K, committed 2816K, reserved 1048576K
GC Heap History (8 events):
Event: 3.340 GC heap before
{Heap before GC invocations=0 (full 0):
 garbage-first heap   total 126976K, used 29696K [0x0000000700000000, 0x0000000800000000)
  region size 1024K, 24 young (24576K), 0 survivors (0K)
 Metaspace       used 9786K, capacity 9968K, committed 10112K, reserved 1058816K
  class space    used 989K, capacity 1069K, committed 1152K, reserved 1048576K
}
Event: 3.594 GC heap after
{Heap after GC invocations=1 (full 0):
 garbage-first heap   total 126976K, used 9380K [0x0000000700000000, 0x0000000800000000)
  region size 1024K, 3 young (3072K), 3 survivors (3072K)
 Metaspace       used 9786K, capacity 9968K, committed 10112K, reserved 1058816K
  class space    used 989K, capacity 1069K, committed 1152K, reserved 1048576K
}
Event: 12.561 GC heap before
{Heap before GC invocations=1 (full 0):
 garbage-first heap   total 126976K, used 83108K [0x0000000700000000, 0x0000000800000000)
  region size 1024K, 74 young (75776K), 3 survivors (3072K)
 Metaspace       used 17794K, capacity 18140K, committed 18304K, reserved 1064960K
  class space    used 2066K, capacity 2176K, committed 2176K, reserved 1048576K
}
Event: 12.745 GC heap after
{Heap after GC invocations=2 (full 0):
 garbage-first heap   total 126976K, used 16969K [0x0000000700000000, 0x0000000800000000)
  region size 1024K, 10 young (10240K), 10 survivors (10240K)
 Metaspace       used 17794K, capacity 18140K, committed 18304K, reserved 1064960K
  class space    used 2066K, capacity 2176K, committed 2176K, reserved 1048576K
}
Event: 16.095 GC heap before
{Heap before GC invocations=2 (full 0):
 garbage-first heap   total 126976K, used 28233K [0x0000000700000000, 0x0000000800000000)
  region size 1024K, 21 young (21504K), 10 survivors (10240K)
 Metaspace       used 19666K, capacity 20040K, committed 20224K, reserved 1067008K
  class space    used 2315K, capacity 2449K, committed 2560K, reserved 1048576K
}
Event: 16.392 GC heap after
{Heap after GC invocations=3 (full 0):
 garbage-first heap   total 126976K, used 16911K [0x0000000700000000, 0x0000000800000000)
  region size 1024K, 1 young (1024K), 1 survivors (1024K)
 Metaspace       used 19666K, capacity 20040K, committed 20224K, reserved 1067008K
  class space    used 2315K, capacity 2449K, committed 2560K, reserved 1048576K
}
Event: 18.051 GC heap before
{Heap before GC invocations=3 (full 0):
 garbage-first heap   total 126976K, used 27151K [0x0000000700000000, 0x0000000800000000)
  region size 1024K, 12 young (12288K), 1 survivors (1024K)
 Metaspace       used 20741K, capacity 21137K, committed 21296K, reserved 1069056K
  class space    used 2473K, capacity 2626K, committed 2688K, reserved 1048576K
}
Event: 18.055 GC heap after
{Heap after GC invocations=4 (full 0):
 garbage-first heap   total 126976K, used 17220K [0x0000000700000000, 0x0000000800000000)
  region size 1024K, 1 young (1024K), 1 survivors (1024K)
 Metaspace       used 20741K, capacity 21137K, committed 21296K, reserved 1069056K
  class space    used 2473K, capacity 2626K, committed 2688K, reserved 1048576K
}

