# JRE version: OpenJDK Runtime Environment Microsoft-7208460 (11.0.18+10) (build 11.0.18+10-LTS)
# Java VM: OpenJDK 64-Bit Server VM Microsoft-7208460 (11.0.18+10-LTS, mixed mode, tiered, compressed oops, g1 gc, windows-amd64)
Heap:
 garbage-first heap   total 126976K, used 24642K [0x0000000700000000, 0x0000000800000000)
  region size 1024K, 9 young (9216K), 1 survivors (1024K)
 Metaspace       used 21628K, capacity 22123K, committed 22448K, reserved 1069056K
  class space    used 2624K, capacity 2770K, committed 2816K, reserved 1048576K
GC Heap History (6 events):
Event: 2.643 GC heap before
{Heap before GC invocations=0 (full 0):
 garbage-first heap   total 126976K, used 29696K [0x0000000700000000, 0x0000000800000000)
  region size 1024K, 24 young (24576K), 0 survivors (0K)
 Metaspace       used 9757K, capacity 9952K, committed 10112K, reserved 1058816K
  class space    used 986K, capacity 1069K, committed 1152K, reserved 1048576K
}
Event: 2.680 GC heap after
{Heap after GC invocations=1 (full 0):
 garbage-first heap   total 126976K, used 9387K [0x0000000700000000, 0x0000000800000000)
  region size 1024K, 3 young (3072K), 3 survivors (3072K)
 Metaspace       used 9757K, capacity 9952K, committed 10112K, reserved 1058816K
  class space    used 986K, capacity 1069K, committed 1152K, reserved 1048576K
}
Event: 11.602 GC heap before
{Heap before GC invocations=1 (full 0):
 garbage-first heap   total 126976K, used 83115K [0x0000000700000000, 0x0000000800000000)
  region size 1024K, 74 young (75776K), 3 survivors (3072K)
 Metaspace       used 17937K, capacity 18350K, committed 18688K, reserved 1064960K
  class space    used 2086K, capacity 2209K, committed 2304K, reserved 1048576K
}
Event: 11.651 GC heap after
{Heap after GC invocations=2 (full 0):
 garbage-first heap   total 126976K, used 16975K [0x0000000700000000, 0x0000000800000000)
  region size 1024K, 10 young (10240K), 10 survivors (10240K)
 Metaspace       used 17937K, capacity 18350K, committed 18688K, reserved 1064960K
  class space    used 2086K, capacity 2209K, committed 2304K, reserved 1048576K
}
Event: 16.722 GC heap before
{Heap before GC invocations=2 (full 0):
 garbage-first heap   total 126976K, used 37455K [0x0000000700000000, 0x0000000800000000)
  region size 1024K, 31 young (31744K), 10 survivors (10240K)
 Metaspace       used 20775K, capacity 21185K, committed 21296K, reserved 1069056K
  class space    used 2476K, capacity 2626K, committed 2688K, reserved 1048576K
}
Event: 17.368 GC heap after
{Heap after GC invocations=3 (full 0):
 garbage-first heap   total 126976K, used 17474K [0x0000000700000000, 0x0000000800000000)
  region size 1024K, 1 young (1024K), 1 survivors (1024K)
 Metaspace       used 20775K, capacity 21185K, committed 21296K, reserved 1069056K
  class space    used 2476K, capacity 2626K, committed 2688K, reserved 1048576K
}

