# JRE version: OpenJDK Runtime Environment Microsoft-7208460 (11.0.18+10) (build 11.0.18+10-LTS)
# Java VM: OpenJDK 64-Bit Server VM Microsoft-7208460 (11.0.18+10-LTS, mixed mode, tiered, compressed oops, g1 gc, windows-amd64)
Heap:
 garbage-first heap   total 358400K, used 227136K [0x0000000700000000, 0x0000000800000000)
  region size 1024K, 4 young (4096K), 4 survivors (4096K)
 Metaspace       used 114839K, capacity 120753K, committed 120968K, reserved 1153024K
  class space    used 15007K, capacity 17191K, committed 17280K, reserved 1048576K
GC Heap History (20 events):
Event: 190.486 GC heap after
{Heap after GC invocations=128 (full 0):
 garbage-first heap   total 247808K, used 196473K [0x0000000700000000, 0x0000000800000000)
  region size 1024K, 2 young (2048K), 2 survivors (2048K)
 Metaspace       used 105946K, capacity 111550K, committed 111752K, reserved 1144832K
  class space    used 13932K, capacity 15971K, committed 16000K, reserved 1048576K
}
Event: 191.696 GC heap before
{Heap before GC invocations=129 (full 0):
 garbage-first heap   total 247808K, used 209785K [0x0000000700000000, 0x0000000800000000)
  region size 1024K, 16 young (16384K), 2 survivors (2048K)
 Metaspace       used 106549K, capacity 112132K, committed 112392K, reserved 1146880K
  class space    used 13996K, capacity 16078K, committed 16128K, reserved 1048576K
}
Event: 191.704 GC heap after
{Heap after GC invocations=130 (full 0):
 garbage-first heap   total 247808K, used 199067K [0x0000000700000000, 0x0000000800000000)
  region size 1024K, 2 young (2048K), 2 survivors (2048K)
 Metaspace       used 106549K, capacity 112132K, committed 112392K, reserved 1146880K
  class space    used 13996K, capacity 16078K, committed 16128K, reserved 1048576K
}
Event: 192.324 GC heap before
{Heap before GC invocations=130 (full 0):
 garbage-first heap   total 247808K, used 211355K [0x0000000700000000, 0x0000000800000000)
  region size 1024K, 15 young (15360K), 2 survivors (2048K)
 Metaspace       used 108193K, capacity 113765K, committed 114056K, reserved 1146880K
  class space    used 14121K, capacity 16207K, committed 16256K, reserved 1048576K
}
Event: 192.332 GC heap after
{Heap after GC invocations=131 (full 0):
 garbage-first heap   total 247808K, used 201652K [0x0000000700000000, 0x0000000800000000)
  region size 1024K, 2 young (2048K), 2 survivors (2048K)
 Metaspace       used 108193K, capacity 113765K, committed 114056K, reserved 1146880K
  class space    used 14121K, capacity 16207K, committed 16256K, reserved 1048576K
}
Event: 192.717 GC heap before
{Heap before GC invocations=132 (full 0):
 garbage-first heap   total 247808K, used 212916K [0x0000000700000000, 0x0000000800000000)
  region size 1024K, 14 young (14336K), 2 survivors (2048K)
 Metaspace       used 108823K, capacity 114410K, committed 114696K, reserved 1148928K
  class space    used 14232K, capacity 16292K, committed 16384K, reserved 1048576K
}
Event: 192.720 GC heap after
{Heap after GC invocations=133 (full 0):
 garbage-first heap   total 247808K, used 202459K [0x0000000700000000, 0x0000000800000000)
  region size 1024K, 1 young (1024K), 1 survivors (1024K)
 Metaspace       used 108823K, capacity 114410K, committed 114696K, reserved 1148928K
  class space    used 14232K, capacity 16292K, committed 16384K, reserved 1048576K
}
Event: 192.923 GC heap before
{Heap before GC invocations=133 (full 0):
 garbage-first heap   total 247808K, used 213723K [0x0000000700000000, 0x0000000800000000)
  region size 1024K, 12 young (12288K), 1 survivors (1024K)
 Metaspace       used 109408K, capacity 115039K, committed 115336K, reserved 1148928K
  class space    used 14321K, capacity 16431K, committed 16512K, reserved 1048576K
}
Event: 192.926 GC heap after
{Heap after GC invocations=134 (full 0):
 garbage-first heap   total 247808K, used 202888K [0x0000000700000000, 0x0000000800000000)
  region size 1024K, 1 young (1024K), 1 survivors (1024K)
 Metaspace       used 109408K, capacity 115039K, committed 115336K, reserved 1148928K
  class space    used 14321K, capacity 16431K, committed 16512K, reserved 1048576K
}
Event: 193.294 GC heap before
{Heap before GC invocations=135 (full 0):
 garbage-first heap   total 247808K, used 215176K [0x0000000700000000, 0x0000000800000000)
  region size 1024K, 13 young (13312K), 1 survivors (1024K)
 Metaspace       used 110128K, capacity 115871K, committed 116232K, reserved 1148928K
  class space    used 14415K, capacity 16532K, committed 16640K, reserved 1048576K
}
Event: 193.300 GC heap after
{Heap after GC invocations=136 (full 0):
 garbage-first heap   total 247808K, used 203507K [0x0000000700000000, 0x0000000800000000)
  region size 1024K, 2 young (2048K), 2 survivors (2048K)
 Metaspace       used 110128K, capacity 115871K, committed 116232K, reserved 1148928K
  class space    used 14415K, capacity 16532K, committed 16640K, reserved 1048576K
}
Event: 193.532 GC heap before
{Heap before GC invocations=136 (full 0):
 garbage-first heap   total 247808K, used 214771K [0x0000000700000000, 0x0000000800000000)
  region size 1024K, 13 young (13312K), 2 survivors (2048K)
 Metaspace       used 110784K, capacity 116492K, committed 116744K, reserved 1148928K
  class space    used 14497K, capacity 16630K, committed 16640K, reserved 1048576K
}
Event: 193.542 GC heap after
{Heap after GC invocations=137 (full 0):
 garbage-first heap   total 297984K, used 204115K [0x0000000700000000, 0x0000000800000000)
  region size 1024K, 2 young (2048K), 2 survivors (2048K)
 Metaspace       used 110784K, capacity 116492K, committed 116744K, reserved 1148928K
  class space    used 14497K, capacity 16630K, committed 16640K, reserved 1048576K
}
Event: 194.113 GC heap before
{Heap before GC invocations=138 (full 0):
 garbage-first heap   total 297984K, used 232787K [0x0000000700000000, 0x0000000800000000)
  region size 1024K, 30 young (30720K), 2 survivors (2048K)
 Metaspace       used 112600K, capacity 118408K, committed 118664K, reserved 1150976K
  class space    used 14747K, capacity 16900K, committed 17024K, reserved 1048576K
}
Event: 194.120 GC heap after
{Heap after GC invocations=139 (full 0):
 garbage-first heap   total 297984K, used 206085K [0x0000000700000000, 0x0000000800000000)
  region size 1024K, 4 young (4096K), 4 survivors (4096K)
 Metaspace       used 112600K, capacity 118408K, committed 118664K, reserved 1150976K
  class space    used 14747K, capacity 16900K, committed 17024K, reserved 1048576K
}
Event: 194.685 GC heap before
{Heap before GC invocations=139 (full 0):
 garbage-first heap   total 297984K, used 236805K [0x0000000700000000, 0x0000000800000000)
  region size 1024K, 34 young (34816K), 4 survivors (4096K)
 Metaspace       used 114113K, capacity 119939K, committed 120072K, reserved 1153024K
  class space    used 14943K, capacity 17084K, committed 17152K, reserved 1048576K
}
Event: 194.692 GC heap after
{Heap after GC invocations=140 (full 0):
 garbage-first heap   total 297984K, used 208895K [0x0000000700000000, 0x0000000800000000)
  region size 1024K, 5 young (5120K), 5 survivors (5120K)
 Metaspace       used 114113K, capacity 119939K, committed 120072K, reserved 1153024K
  class space    used 14943K, capacity 17084K, committed 17152K, reserved 1048576K
}
Event: 195.404 GC heap before
{Heap before GC invocations=140 (full 0):
 garbage-first heap   total 297984K, used 240639K [0x0000000700000000, 0x0000000800000000)
  region size 1024K, 36 young (36864K), 5 survivors (5120K)
 Metaspace       used 114572K, capacity 120430K, committed 120712K, reserved 1153024K
  class space    used 14984K, capacity 17159K, committed 17280K, reserved 1048576K
}
Event: 195.419 GC heap after
{Heap after GC invocations=141 (full 0):
 garbage-first heap   total 297984K, used 217843K [0x0000000700000000, 0x0000000800000000)
  region size 1024K, 5 young (5120K), 5 survivors (5120K)
 Metaspace       used 114572K, capacity 120430K, committed 120712K, reserved 1153024K
  class space    used 14984K, capacity 17159K, committed 17280K, reserved 1048576K
}
Event: 195.780 GC heap before
{Heap before GC invocations=141 (full 0):
 garbage-first heap   total 297984K, used 245491K [0x0000000700000000, 0x0000000800000000)
  region size 1024K, 32 young (32768K), 5 survivors (5120K)
 Metaspace       used 114839K, capacity 120753K, committed 120968K, reserved 1153024K
  class space    used 15007K, capacity 17191K, committed 17280K, reserved 1048576K
}

