# JRE version: OpenJDK Runtime Environment Microsoft-7208460 (11.0.18+10) (build 11.0.18+10-LTS)
# Java VM: OpenJDK 64-Bit Server VM Microsoft-7208460 (11.0.18+10-LTS, mixed mode, tiered, compressed oops, g1 gc, windows-amd64)
Heap:
 garbage-first heap   total 152576K, used 95232K [0x0000000085600000, 0x0000000100000000)
  region size 1024K, 26 young (26624K), 7 survivors (7168K)
 Metaspace       used 69357K, capacity 70215K, committed 70436K, reserved 1112064K
  class space    used 7623K, capacity 7984K, committed 8064K, reserved 1048576K
GC Heap History (20 events):
Event: 2.632 GC heap before
{Heap before GC invocations=1 (full 0):
 garbage-first heap   total 126976K, used 41667K [0x0000000085600000, 0x0000000100000000)
  region size 1024K, 39 young (39936K), 3 survivors (3072K)
 Metaspace       used 21021K, capacity 21182K, committed 21248K, reserved 1069056K
  class space    used 2215K, capacity 2280K, committed 2304K, reserved 1048576K
}
Event: 2.650 GC heap after
{Heap after GC invocations=2 (full 0):
 garbage-first heap   total 126976K, used 9393K [0x0000000085600000, 0x0000000100000000)
  region size 1024K, 7 young (7168K), 7 survivors (7168K)
 Metaspace       used 21021K, capacity 21182K, committed 21248K, reserved 1069056K
  class space    used 2215K, capacity 2280K, committed 2304K, reserved 1048576K
}
Event: 5.524 GC heap before
{Heap before GC invocations=3 (full 0):
 garbage-first heap   total 126976K, used 62641K [0x0000000085600000, 0x0000000100000000)
  region size 1024K, 54 young (55296K), 7 survivors (7168K)
 Metaspace       used 32031K, capacity 32474K, committed 32892K, reserved 1077248K
  class space    used 3946K, capacity 4116K, committed 4224K, reserved 1048576K
}
Event: 5.552 GC heap after
{Heap after GC invocations=4 (full 0):
 garbage-first heap   total 126976K, used 20748K [0x0000000085600000, 0x0000000100000000)
  region size 1024K, 7 young (7168K), 7 survivors (7168K)
 Metaspace       used 32031K, capacity 32474K, committed 32892K, reserved 1077248K
  class space    used 3946K, capacity 4116K, committed 4224K, reserved 1048576K
}
Event: 7.918 GC heap before
{Heap before GC invocations=5 (full 0):
 garbage-first heap   total 126976K, used 60684K [0x0000000085600000, 0x0000000100000000)
  region size 1024K, 46 young (47104K), 7 survivors (7168K)
 Metaspace       used 40239K, capacity 40706K, committed 40828K, reserved 1085440K
  class space    used 4768K, capacity 4960K, committed 4992K, reserved 1048576K
}
Event: 7.943 GC heap after
{Heap after GC invocations=6 (full 0):
 garbage-first heap   total 126976K, used 23304K [0x0000000085600000, 0x0000000100000000)
  region size 1024K, 5 young (5120K), 5 survivors (5120K)
 Metaspace       used 40239K, capacity 40706K, committed 40828K, reserved 1085440K
  class space    used 4768K, capacity 4960K, committed 4992K, reserved 1048576K
}
Event: 14.166 GC heap before
{Heap before GC invocations=6 (full 0):
 garbage-first heap   total 126976K, used 80648K [0x0000000085600000, 0x0000000100000000)
  region size 1024K, 58 young (59392K), 5 survivors (5120K)
 Metaspace       used 49922K, capacity 50517K, committed 50556K, reserved 1093632K
  class space    used 5770K, capacity 5998K, committed 6016K, reserved 1048576K
}
Event: 14.192 GC heap after
{Heap after GC invocations=7 (full 0):
 garbage-first heap   total 152576K, used 34304K [0x0000000085600000, 0x0000000100000000)
  region size 1024K, 8 young (8192K), 8 survivors (8192K)
 Metaspace       used 49922K, capacity 50517K, committed 50556K, reserved 1093632K
  class space    used 5770K, capacity 5998K, committed 6016K, reserved 1048576K
}
Event: 16.631 GC heap before
{Heap before GC invocations=7 (full 0):
 garbage-first heap   total 152576K, used 86528K [0x0000000085600000, 0x0000000100000000)
  region size 1024K, 60 young (61440K), 8 survivors (8192K)
 Metaspace       used 54017K, capacity 54612K, committed 54820K, reserved 1097728K
  class space    used 6152K, capacity 6414K, committed 6528K, reserved 1048576K
}
Event: 16.661 GC heap after
{Heap after GC invocations=8 (full 0):
 garbage-first heap   total 152576K, used 40487K [0x0000000085600000, 0x0000000100000000)
  region size 1024K, 10 young (10240K), 10 survivors (10240K)
 Metaspace       used 54017K, capacity 54612K, committed 54820K, reserved 1097728K
  class space    used 6152K, capacity 6414K, committed 6528K, reserved 1048576K
}
Event: 21.584 GC heap before
{Heap before GC invocations=9 (full 0):
 garbage-first heap   total 152576K, used 99879K [0x0000000085600000, 0x0000000100000000)
  region size 1024K, 69 young (70656K), 10 survivors (10240K)
 Metaspace       used 60013K, capacity 60780K, committed 60836K, reserved 1103872K
  class space    used 6813K, capacity 7135K, committed 7168K, reserved 1048576K
}
Event: 21.616 GC heap after
{Heap after GC invocations=10 (full 0):
 garbage-first heap   total 152576K, used 49121K [0x0000000085600000, 0x0000000100000000)
  region size 1024K, 9 young (9216K), 9 survivors (9216K)
 Metaspace       used 60013K, capacity 60780K, committed 60836K, reserved 1103872K
  class space    used 6813K, capacity 7135K, committed 7168K, reserved 1048576K
}
Event: 25.471 GC heap before
{Heap before GC invocations=10 (full 0):
 garbage-first heap   total 152576K, used 108513K [0x0000000085600000, 0x0000000100000000)
  region size 1024K, 67 young (68608K), 9 survivors (9216K)
 Metaspace       used 61471K, capacity 62246K, committed 62372K, reserved 1103872K
  class space    used 6979K, capacity 7304K, committed 7424K, reserved 1048576K
}
Event: 25.504 GC heap after
{Heap after GC invocations=11 (full 0):
 garbage-first heap   total 152576K, used 58880K [0x0000000085600000, 0x0000000100000000)
  region size 1024K, 9 young (9216K), 9 survivors (9216K)
 Metaspace       used 61471K, capacity 62246K, committed 62372K, reserved 1103872K
  class space    used 6979K, capacity 7304K, committed 7424K, reserved 1048576K
}
Event: 27.533 GC heap before
{Heap before GC invocations=11 (full 0):
 garbage-first heap   total 152576K, used 112128K [0x0000000085600000, 0x0000000100000000)
  region size 1024K, 61 young (62464K), 9 survivors (9216K)
 Metaspace       used 62084K, capacity 62939K, committed 63140K, reserved 1105920K
  class space    used 7020K, capacity 7342K, committed 7424K, reserved 1048576K
}
Event: 27.557 GC heap after
{Heap after GC invocations=12 (full 0):
 garbage-first heap   total 152576K, used 65024K [0x0000000085600000, 0x0000000100000000)
  region size 1024K, 5 young (5120K), 5 survivors (5120K)
 Metaspace       used 62084K, capacity 62939K, committed 63140K, reserved 1105920K
  class space    used 7020K, capacity 7342K, committed 7424K, reserved 1048576K
}
Event: 30.469 GC heap before
{Heap before GC invocations=12 (full 0):
 garbage-first heap   total 152576K, used 116224K [0x0000000085600000, 0x0000000100000000)
  region size 1024K, 55 young (56320K), 5 survivors (5120K)
 Metaspace       used 65488K, capacity 66286K, committed 66468K, reserved 1107968K
  class space    used 7323K, capacity 7667K, committed 7680K, reserved 1048576K
}
Event: 30.483 GC heap after
{Heap after GC invocations=13 (full 0):
 garbage-first heap   total 152576K, used 67940K [0x0000000085600000, 0x0000000100000000)
  region size 1024K, 4 young (4096K), 4 survivors (4096K)
 Metaspace       used 65488K, capacity 66286K, committed 66468K, reserved 1107968K
  class space    used 7323K, capacity 7667K, committed 7680K, reserved 1048576K
}
Event: 34.265 GC heap before
{Heap before GC invocations=13 (full 0):
 garbage-first heap   total 152576K, used 120164K [0x0000000085600000, 0x0000000100000000)
  region size 1024K, 54 young (55296K), 4 survivors (4096K)
 Metaspace       used 68759K, capacity 69639K, committed 69924K, reserved 1112064K
  class space    used 7597K, capacity 7945K, committed 8064K, reserved 1048576K
}
Event: 34.285 GC heap after
{Heap after GC invocations=14 (full 0):
 garbage-first heap   total 152576K, used 74752K [0x0000000085600000, 0x0000000100000000)
  region size 1024K, 7 young (7168K), 7 survivors (7168K)
 Metaspace       used 68759K, capacity 69639K, committed 69924K, reserved 1112064K
  class space    used 7597K, capacity 7945K, committed 8064K, reserved 1048576K
}

