# JRE version: OpenJDK Runtime Environment Microsoft-7208460 (11.0.18+10) (build 11.0.18+10-LTS)
# Java VM: OpenJDK 64-Bit Server VM Microsoft-7208460 (11.0.18+10-LTS, mixed mode, tiered, compressed oops, g1 gc, windows-amd64)
Heap:
 garbage-first heap   total 183296K, used 68539K [0x0000000085600000, 0x0000000100000000)
  region size 1024K, 22 young (22528K), 8 survivors (8192K)
 Metaspace       used 66661K, capacity 67567K, committed 67664K, reserved 1110016K
  class space    used 7452K, capacity 7802K, committed 7808K, reserved 1048576K
GC Heap History (18 events):
Event: 0.833 GC heap before
{Heap before GC invocations=0 (full 0):
 garbage-first heap   total 126976K, used 27648K [0x0000000085600000, 0x0000000100000000)
  region size 1024K, 24 young (24576K), 0 survivors (0K)
 Metaspace       used 12399K, capacity 12504K, committed 12800K, reserved 1060864K
  class space    used 1150K, capacity 1207K, committed 1280K, reserved 1048576K
}
Event: 0.838 GC heap after
{Heap after GC invocations=1 (full 0):
 garbage-first heap   total 126976K, used 5859K [0x0000000085600000, 0x0000000100000000)
  region size 1024K, 3 young (3072K), 3 survivors (3072K)
 Metaspace       used 12399K, capacity 12504K, committed 12800K, reserved 1060864K
  class space    used 1150K, capacity 1207K, committed 1280K, reserved 1048576K
}
Event: 1.765 GC heap before
{Heap before GC invocations=1 (full 0):
 garbage-first heap   total 126976K, used 41699K [0x0000000085600000, 0x0000000100000000)
  region size 1024K, 39 young (39936K), 3 survivors (3072K)
 Metaspace       used 21018K, capacity 21182K, committed 21248K, reserved 1069056K
  class space    used 2215K, capacity 2280K, committed 2304K, reserved 1048576K
}
Event: 1.780 GC heap after
{Heap after GC invocations=2 (full 0):
 garbage-first heap   total 126976K, used 9216K [0x0000000085600000, 0x0000000100000000)
  region size 1024K, 6 young (6144K), 6 survivors (6144K)
 Metaspace       used 21018K, capacity 21182K, committed 21248K, reserved 1069056K
  class space    used 2215K, capacity 2280K, committed 2304K, reserved 1048576K
}
Event: 3.500 GC heap before
{Heap before GC invocations=3 (full 0):
 garbage-first heap   total 126976K, used 62464K [0x0000000085600000, 0x0000000100000000)
  region size 1024K, 53 young (54272K), 6 survivors (6144K)
 Metaspace       used 32399K, capacity 32889K, committed 33148K, reserved 1079296K
  class space    used 4024K, capacity 4214K, committed 4224K, reserved 1048576K
}
Event: 3.526 GC heap after
{Heap after GC invocations=4 (full 0):
 garbage-first heap   total 126976K, used 20350K [0x0000000085600000, 0x0000000100000000)
  region size 1024K, 7 young (7168K), 7 survivors (7168K)
 Metaspace       used 32399K, capacity 32889K, committed 33148K, reserved 1079296K
  class space    used 4024K, capacity 4214K, committed 4224K, reserved 1048576K
}
Event: 4.023 GC heap before
{Heap before GC invocations=4 (full 0):
 garbage-first heap   total 126976K, used 32638K [0x0000000085600000, 0x0000000100000000)
  region size 1024K, 20 young (20480K), 7 survivors (7168K)
 Metaspace       used 35428K, capacity 35849K, committed 36048K, reserved 1081344K
  class space    used 4341K, capacity 4538K, committed 4608K, reserved 1048576K
}
Event: 4.039 GC heap after
{Heap after GC invocations=5 (full 0):
 garbage-first heap   total 126976K, used 20279K [0x0000000085600000, 0x0000000100000000)
  region size 1024K, 2 young (2048K), 2 survivors (2048K)
 Metaspace       used 35428K, capacity 35849K, committed 36048K, reserved 1081344K
  class space    used 4341K, capacity 4538K, committed 4608K, reserved 1048576K
}
Event: 5.350 GC heap before
{Heap before GC invocations=6 (full 0):
 garbage-first heap   total 126976K, used 65335K [0x0000000085600000, 0x0000000100000000)
  region size 1024K, 46 young (47104K), 2 survivors (2048K)
 Metaspace       used 44930K, capacity 45408K, committed 45648K, reserved 1089536K
  class space    used 5283K, capacity 5477K, committed 5504K, reserved 1048576K
}
Event: 5.363 GC heap after
{Heap after GC invocations=7 (full 0):
 garbage-first heap   total 152576K, used 24157K [0x0000000085600000, 0x0000000100000000)
  region size 1024K, 6 young (6144K), 6 survivors (6144K)
 Metaspace       used 44930K, capacity 45408K, committed 45648K, reserved 1089536K
  class space    used 5283K, capacity 5477K, committed 5504K, reserved 1048576K
}
Event: 7.160 GC heap before
{Heap before GC invocations=7 (full 0):
 garbage-first heap   total 152576K, used 81501K [0x0000000085600000, 0x0000000100000000)
  region size 1024K, 59 young (60416K), 6 survivors (6144K)
 Metaspace       used 53816K, capacity 54456K, committed 54608K, reserved 1097728K
  class space    used 6392K, capacity 6660K, committed 6784K, reserved 1048576K
}
Event: 7.174 GC heap after
{Heap after GC invocations=8 (full 0):
 garbage-first heap   total 152576K, used 30082K [0x0000000085600000, 0x0000000100000000)
  region size 1024K, 4 young (4096K), 4 survivors (4096K)
 Metaspace       used 53816K, capacity 54456K, committed 54608K, reserved 1097728K
  class space    used 6392K, capacity 6660K, committed 6784K, reserved 1048576K
}
Event: 9.294 GC heap before
{Heap before GC invocations=8 (full 0):
 garbage-first heap   total 152576K, used 80258K [0x0000000085600000, 0x0000000100000000)
  region size 1024K, 54 young (55296K), 4 survivors (4096K)
 Metaspace       used 59730K, capacity 60475K, committed 60496K, reserved 1101824K
  class space    used 6972K, capacity 7290K, committed 7296K, reserved 1048576K
}
Event: 9.310 GC heap after
{Heap after GC invocations=9 (full 0):
 garbage-first heap   total 152576K, used 37738K [0x0000000085600000, 0x0000000100000000)
  region size 1024K, 8 young (8192K), 8 survivors (8192K)
 Metaspace       used 59730K, capacity 60475K, committed 60496K, reserved 1101824K
  class space    used 6972K, capacity 7290K, committed 7296K, reserved 1048576K
}
Event: 10.900 GC heap before
{Heap before GC invocations=10 (full 0):
 garbage-first heap   total 152576K, used 96106K [0x0000000085600000, 0x0000000100000000)
  region size 1024K, 65 young (66560K), 8 survivors (8192K)
 Metaspace       used 61683K, capacity 62474K, committed 62800K, reserved 1103872K
  class space    used 7137K, capacity 7465K, committed 7552K, reserved 1048576K
}
Event: 10.926 GC heap after
{Heap after GC invocations=11 (full 0):
 garbage-first heap   total 152576K, used 46543K [0x0000000085600000, 0x0000000100000000)
  region size 1024K, 9 young (9216K), 9 survivors (9216K)
 Metaspace       used 61683K, capacity 62474K, committed 62800K, reserved 1103872K
  class space    used 7137K, capacity 7465K, committed 7552K, reserved 1048576K
}
Event: 15.680 GC heap before
{Heap before GC invocations=11 (full 0):
 garbage-first heap   total 152576K, used 104911K [0x0000000085600000, 0x0000000100000000)
  region size 1024K, 65 young (66560K), 9 survivors (9216K)
 Metaspace       used 66467K, capacity 67298K, committed 67408K, reserved 1110016K
  class space    used 7444K, capacity 7800K, committed 7808K, reserved 1048576K
}
Event: 15.707 GC heap after
{Heap after GC invocations=12 (full 0):
 garbage-first heap   total 183296K, used 55227K [0x0000000085600000, 0x0000000100000000)
  region size 1024K, 8 young (8192K), 8 survivors (8192K)
 Metaspace       used 66467K, capacity 67298K, committed 67408K, reserved 1110016K
  class space    used 7444K, capacity 7800K, committed 7808K, reserved 1048576K
}

