# JRE version: OpenJDK Runtime Environment Microsoft-7208460 (11.0.18+10) (build 11.0.18+10-LTS)
# Java VM: OpenJDK 64-Bit Server VM Microsoft-7208460 (11.0.18+10-LTS, mixed mode, tiered, compressed oops, g1 gc, windows-amd64)
Heap:
 garbage-first heap   total 159744K, used 23587K [0x0000000085600000, 0x0000000100000000)
  region size 1024K, 5 young (5120K), 5 survivors (5120K)
 Metaspace       used 41933K, capacity 42349K, committed 42620K, reserved 1087488K
  class space    used 4957K, capacity 5124K, committed 5248K, reserved 1048576K
GC Heap History (9 events):
Event: 0.808 GC heap before
{Heap before GC invocations=0 (full 0):
 garbage-first heap   total 126976K, used 27648K [0x0000000085600000, 0x0000000100000000)
  region size 1024K, 24 young (24576K), 0 survivors (0K)
 Metaspace       used 12391K, capacity 12504K, committed 12800K, reserved 1060864K
  class space    used 1150K, capacity 1207K, committed 1280K, reserved 1048576K
}
Event: 0.819 GC heap after
{Heap after GC invocations=1 (full 0):
 garbage-first heap   total 126976K, used 5806K [0x0000000085600000, 0x0000000100000000)
  region size 1024K, 3 young (3072K), 3 survivors (3072K)
 Metaspace       used 12391K, capacity 12504K, committed 12800K, reserved 1060864K
  class space    used 1150K, capacity 1207K, committed 1280K, reserved 1048576K
}
Event: 1.742 GC heap before
{Heap before GC invocations=1 (full 0):
 garbage-first heap   total 126976K, used 41646K [0x0000000085600000, 0x0000000100000000)
  region size 1024K, 39 young (39936K), 3 survivors (3072K)
 Metaspace       used 20979K, capacity 21182K, committed 21248K, reserved 1069056K
  class space    used 2215K, capacity 2280K, committed 2304K, reserved 1048576K
}
Event: 1.757 GC heap after
{Heap after GC invocations=2 (full 0):
 garbage-first heap   total 126976K, used 9216K [0x0000000085600000, 0x0000000100000000)
  region size 1024K, 6 young (6144K), 6 survivors (6144K)
 Metaspace       used 20979K, capacity 21182K, committed 21248K, reserved 1069056K
  class space    used 2215K, capacity 2280K, committed 2304K, reserved 1048576K
}
Event: 3.317 GC heap before
{Heap before GC invocations=3 (full 0):
 garbage-first heap   total 126976K, used 60416K [0x0000000085600000, 0x0000000100000000)
  region size 1024K, 52 young (53248K), 6 survivors (6144K)
 Metaspace       used 31900K, capacity 32346K, committed 32636K, reserved 1077248K
  class space    used 3936K, capacity 4116K, committed 4224K, reserved 1048576K
}
Event: 3.355 GC heap after
{Heap after GC invocations=4 (full 0):
 garbage-first heap   total 126976K, used 20637K [0x0000000085600000, 0x0000000100000000)
  region size 1024K, 7 young (7168K), 7 survivors (7168K)
 Metaspace       used 31900K, capacity 32346K, committed 32636K, reserved 1077248K
  class space    used 3936K, capacity 4116K, committed 4224K, reserved 1048576K
}
Event: 3.683 GC heap before
{Heap before GC invocations=5 (full 0):
 garbage-first heap   total 126976K, used 27805K [0x0000000085600000, 0x0000000100000000)
  region size 1024K, 14 young (14336K), 7 survivors (7168K)
 Metaspace       used 33755K, capacity 34175K, committed 34300K, reserved 1079296K
  class space    used 4167K, capacity 4342K, committed 4352K, reserved 1048576K
}
Event: 3.697 GC heap after
{Heap after GC invocations=6 (full 0):
 garbage-first heap   total 126976K, used 22036K [0x0000000085600000, 0x0000000100000000)
  region size 1024K, 1 young (1024K), 1 survivors (1024K)
 Metaspace       used 33755K, capacity 34175K, committed 34300K, reserved 1079296K
  class space    used 4167K, capacity 4342K, committed 4352K, reserved 1048576K
}
Event: 4.876 GC heap before
{Heap before GC invocations=6 (full 0):
 garbage-first heap   total 126976K, used 64020K [0x0000000085600000, 0x0000000100000000)
  region size 1024K, 42 young (43008K), 1 survivors (1024K)
 Metaspace       used 41933K, capacity 42349K, committed 42620K, reserved 1087488K
  class space    used 4957K, capacity 5124K, committed 5248K, reserved 1048576K
}

