# JRE version: OpenJDK Runtime Environment Microsoft-7208460 (11.0.18+10) (build 11.0.18+10-LTS)
# Java VM: OpenJDK 64-Bit Server VM Microsoft-7208460 (11.0.18+10-LTS, mixed mode, tiered, compressed oops, g1 gc, windows-amd64)
Heap:
 garbage-first heap   total 126976K, used 77493K [0x0000000700000000, 0x0000000800000000)
  region size 1024K, 7 young (7168K), 4 survivors (4096K)
 Metaspace       used 83697K, capacity 86002K, committed 86228K, reserved 1124352K
  class space    used 10791K, capacity 11721K, committed 11724K, reserved 1048576K
GC Heap History (20 events):
Event: 37.855 GC heap before
{Heap before GC invocations=11 (full 0):
 garbage-first heap   total 126976K, used 100431K [0x0000000700000000, 0x0000000800000000)
  region size 1024K, 67 young (68608K), 7 survivors (7168K)
 Metaspace       used 54549K, capacity 56145K, committed 56272K, reserved 1097728K
  class space    used 7032K, capacity 7681K, committed 7808K, reserved 1048576K
}
Event: 37.862 GC heap after
{Heap after GC invocations=12 (full 0):
 garbage-first heap   total 126976K, used 43961K [0x0000000700000000, 0x0000000800000000)
  region size 1024K, 8 young (8192K), 8 survivors (8192K)
 Metaspace       used 54549K, capacity 56145K, committed 56272K, reserved 1097728K
  class space    used 7032K, capacity 7681K, committed 7808K, reserved 1048576K
}
Event: 38.379 GC heap before
{Heap before GC invocations=12 (full 0):
 garbage-first heap   total 126976K, used 86969K [0x0000000700000000, 0x0000000800000000)
  region size 1024K, 51 young (52224K), 8 survivors (8192K)
 Metaspace       used 58477K, capacity 60212K, committed 60296K, reserved 1101824K
  class space    used 7596K, capacity 8293K, committed 8320K, reserved 1048576K
}
Event: 38.390 GC heap after
{Heap after GC invocations=13 (full 0):
 garbage-first heap   total 126976K, used 45992K [0x0000000700000000, 0x0000000800000000)
  region size 1024K, 3 young (3072K), 3 survivors (3072K)
 Metaspace       used 58477K, capacity 60212K, committed 60296K, reserved 1101824K
  class space    used 7596K, capacity 8293K, committed 8320K, reserved 1048576K
}
Event: 38.656 GC heap before
{Heap before GC invocations=14 (full 0):
 garbage-first heap   total 126976K, used 98216K [0x0000000700000000, 0x0000000800000000)
  region size 1024K, 54 young (55296K), 3 survivors (3072K)
 Metaspace       used 62062K, capacity 63828K, committed 64212K, reserved 1105920K
  class space    used 8076K, capacity 8773K, committed 8908K, reserved 1048576K
}
Event: 38.658 GC heap after
{Heap after GC invocations=15 (full 0):
 garbage-first heap   total 126976K, used 46261K [0x0000000700000000, 0x0000000800000000)
  region size 1024K, 3 young (3072K), 3 survivors (3072K)
 Metaspace       used 62062K, capacity 63828K, committed 64212K, reserved 1105920K
  class space    used 8076K, capacity 8773K, committed 8908K, reserved 1048576K
}
Event: 39.222 GC heap before
{Heap before GC invocations=15 (full 0):
 garbage-first heap   total 126976K, used 100533K [0x0000000700000000, 0x0000000800000000)
  region size 1024K, 56 young (57344K), 3 survivors (3072K)
 Metaspace       used 65299K, capacity 67276K, committed 67540K, reserved 1107968K
  class space    used 8528K, capacity 9333K, committed 9420K, reserved 1048576K
}
Event: 39.228 GC heap after
{Heap after GC invocations=16 (full 0):
 garbage-first heap   total 126976K, used 49397K [0x0000000700000000, 0x0000000800000000)
  region size 1024K, 6 young (6144K), 6 survivors (6144K)
 Metaspace       used 65299K, capacity 67276K, committed 67540K, reserved 1107968K
  class space    used 8528K, capacity 9333K, committed 9420K, reserved 1048576K
}
Event: 40.036 GC heap before
{Heap before GC invocations=16 (full 0):
 garbage-first heap   total 126976K, used 101621K [0x0000000700000000, 0x0000000800000000)
  region size 1024K, 57 young (58368K), 6 survivors (6144K)
 Metaspace       used 68507K, capacity 70581K, committed 70868K, reserved 1110016K
  class space    used 8968K, capacity 9801K, committed 9932K, reserved 1048576K
}
Event: 40.048 GC heap after
{Heap after GC invocations=17 (full 0):
 garbage-first heap   total 126976K, used 54260K [0x0000000700000000, 0x0000000800000000)
  region size 1024K, 8 young (8192K), 8 survivors (8192K)
 Metaspace       used 68507K, capacity 70581K, committed 70868K, reserved 1110016K
  class space    used 8968K, capacity 9801K, committed 9932K, reserved 1048576K
}
Event: 40.587 GC heap before
{Heap before GC invocations=17 (full 0):
 garbage-first heap   total 126976K, used 103412K [0x0000000700000000, 0x0000000800000000)
  region size 1024K, 55 young (56320K), 8 survivors (8192K)
 Metaspace       used 71058K, capacity 73248K, committed 73428K, reserved 1112064K
  class space    used 9262K, capacity 10176K, committed 10188K, reserved 1048576K
}
Event: 40.598 GC heap after
{Heap after GC invocations=18 (full 0):
 garbage-first heap   total 126976K, used 61669K [0x0000000700000000, 0x0000000800000000)
  region size 1024K, 6 young (6144K), 6 survivors (6144K)
 Metaspace       used 71058K, capacity 73248K, committed 73428K, reserved 1112064K
  class space    used 9262K, capacity 10176K, committed 10188K, reserved 1048576K
}
Event: 41.138 GC heap before
{Heap before GC invocations=18 (full 0):
 garbage-first heap   total 126976K, used 97509K [0x0000000700000000, 0x0000000800000000)
  region size 1024K, 43 young (44032K), 6 survivors (6144K)
 Metaspace       used 75554K, capacity 77729K, committed 78036K, reserved 1116160K
  class space    used 9744K, capacity 10620K, committed 10700K, reserved 1048576K
}
Event: 41.145 GC heap after
{Heap after GC invocations=19 (full 0):
 garbage-first heap   total 126976K, used 65903K [0x0000000700000000, 0x0000000800000000)
  region size 1024K, 5 young (5120K), 5 survivors (5120K)
 Metaspace       used 75554K, capacity 77729K, committed 78036K, reserved 1116160K
  class space    used 9744K, capacity 10620K, committed 10700K, reserved 1048576K
}
Event: 41.576 GC heap before
{Heap before GC invocations=20 (full 0):
 garbage-first heap   total 126976K, used 84335K [0x0000000700000000, 0x0000000800000000)
  region size 1024K, 23 young (23552K), 5 survivors (5120K)
 Metaspace       used 78376K, capacity 80558K, committed 80724K, reserved 1120256K
  class space    used 10057K, capacity 10968K, committed 11084K, reserved 1048576K
}
Event: 41.583 GC heap after
{Heap after GC invocations=21 (full 0):
 garbage-first heap   total 126976K, used 68945K [0x0000000700000000, 0x0000000800000000)
  region size 1024K, 4 young (4096K), 4 survivors (4096K)
 Metaspace       used 78376K, capacity 80558K, committed 80724K, reserved 1120256K
  class space    used 10057K, capacity 10968K, committed 11084K, reserved 1048576K
}
Event: 41.998 GC heap before
{Heap before GC invocations=22 (full 0):
 garbage-first heap   total 126976K, used 109905K [0x0000000700000000, 0x0000000800000000)
  region size 1024K, 37 young (37888K), 4 survivors (4096K)
 Metaspace       used 80359K, capacity 82573K, committed 82772K, reserved 1120256K
  class space    used 10313K, capacity 11229K, committed 11340K, reserved 1048576K
}
Event: 42.002 GC heap after
{Heap after GC invocations=23 (full 0):
 garbage-first heap   total 126976K, used 71962K [0x0000000700000000, 0x0000000800000000)
  region size 1024K, 4 young (4096K), 4 survivors (4096K)
 Metaspace       used 80359K, capacity 82573K, committed 82772K, reserved 1120256K
  class space    used 10313K, capacity 11229K, committed 11340K, reserved 1048576K
}
Event: 42.301 GC heap before
{Heap before GC invocations=23 (full 0):
 garbage-first heap   total 126976K, used 95514K [0x0000000700000000, 0x0000000800000000)
  region size 1024K, 28 young (28672K), 4 survivors (4096K)
 Metaspace       used 82387K, capacity 84628K, committed 84820K, reserved 1122304K
  class space    used 10587K, capacity 11527K, committed 11596K, reserved 1048576K
}
Event: 42.306 GC heap after
{Heap after GC invocations=24 (full 0):
 garbage-first heap   total 126976K, used 73618K [0x0000000700000000, 0x0000000800000000)
  region size 1024K, 2 young (2048K), 2 survivors (2048K)
 Metaspace       used 82387K, capacity 84628K, committed 84820K, reserved 1122304K
  class space    used 10587K, capacity 11527K, committed 11596K, reserved 1048576K
}

