# JRE version: OpenJDK Runtime Environment Microsoft-7208460 (11.0.18+10) (build 11.0.18+10-LTS)
# Java VM: OpenJDK 64-Bit Server VM Microsoft-7208460 (11.0.18+10-LTS, mixed mode, tiered, compressed oops, g1 gc, windows-amd64)
Heap:
 garbage-first heap   total 313344K, used 218172K [0x0000000700000000, 0x0000000800000000)
  region size 1024K, 2 young (2048K), 2 survivors (2048K)
 Metaspace       used 114476K, capacity 120264K, committed 120328K, reserved 1153024K
  class space    used 14979K, capacity 17141K, committed 17152K, reserved 1048576K
GC Heap History (20 events):
Event: 191.999 GC heap after
{Heap after GC invocations=140 (full 0):
 garbage-first heap   total 214016K, used 202959K [0x0000000700000000, 0x0000000800000000)
  region size 1024K, 2 young (2048K), 2 survivors (2048K)
 Metaspace       used 106724K, capacity 112289K, committed 112392K, reserved 1146880K
  class space    used 14016K, capacity 16108K, committed 16128K, reserved 1048576K
}
Event: 192.182 GC heap before
{Heap before GC invocations=140 (full 0):
 garbage-first heap   total 214016K, used 211151K [0x0000000700000000, 0x0000000800000000)
  region size 1024K, 10 young (10240K), 2 survivors (2048K)
 Metaspace       used 107493K, capacity 113129K, committed 113288K, reserved 1146880K
  class space    used 14089K, capacity 16188K, committed 16256K, reserved 1048576K
}
Event: 192.187 GC heap after
{Heap after GC invocations=141 (full 0):
 garbage-first heap   total 216064K, used 205052K [0x0000000700000000, 0x0000000800000000)
  region size 1024K, 2 young (2048K), 2 survivors (2048K)
 Metaspace       used 107493K, capacity 113129K, committed 113288K, reserved 1146880K
  class space    used 14089K, capacity 16188K, committed 16256K, reserved 1048576K
}
Event: 192.639 GC heap before
{Heap before GC invocations=142 (full 0):
 garbage-first heap   total 216064K, used 212220K [0x0000000700000000, 0x0000000800000000)
  region size 1024K, 10 young (10240K), 2 survivors (2048K)
 Metaspace       used 108435K, capacity 114024K, committed 114056K, reserved 1146880K
  class space    used 14168K, capacity 16250K, committed 16256K, reserved 1048576K
}
Event: 192.645 GC heap after
{Heap after GC invocations=143 (full 0):
 garbage-first heap   total 261120K, used 205748K [0x0000000700000000, 0x0000000800000000)
  region size 1024K, 1 young (1024K), 1 survivors (1024K)
 Metaspace       used 108435K, capacity 114024K, committed 114056K, reserved 1146880K
  class space    used 14168K, capacity 16250K, committed 16256K, reserved 1048576K
}
Event: 193.014 GC heap before
{Heap before GC invocations=143 (full 0):
 garbage-first heap   total 261120K, used 220084K [0x0000000700000000, 0x0000000800000000)
  region size 1024K, 15 young (15360K), 1 survivors (1024K)
 Metaspace       used 109203K, capacity 114855K, committed 115080K, reserved 1148928K
  class space    used 14291K, capacity 16392K, committed 16512K, reserved 1048576K
}
Event: 193.017 GC heap after
{Heap after GC invocations=144 (full 0):
 garbage-first heap   total 261120K, used 206122K [0x0000000700000000, 0x0000000800000000)
  region size 1024K, 1 young (1024K), 1 survivors (1024K)
 Metaspace       used 109203K, capacity 114855K, committed 115080K, reserved 1148928K
  class space    used 14291K, capacity 16392K, committed 16512K, reserved 1048576K
}
Event: 193.343 GC heap before
{Heap before GC invocations=144 (full 0):
 garbage-first heap   total 261120K, used 221482K [0x0000000700000000, 0x0000000800000000)
  region size 1024K, 16 young (16384K), 1 survivors (1024K)
 Metaspace       used 110073K, capacity 115738K, committed 115976K, reserved 1148928K
  class space    used 14410K, capacity 16530K, committed 16640K, reserved 1048576K
}
Event: 193.345 GC heap after
{Heap after GC invocations=145 (full 0):
 garbage-first heap   total 261120K, used 206908K [0x0000000700000000, 0x0000000800000000)
  region size 1024K, 2 young (2048K), 2 survivors (2048K)
 Metaspace       used 110073K, capacity 115738K, committed 115976K, reserved 1148928K
  class space    used 14410K, capacity 16530K, committed 16640K, reserved 1048576K
}
Event: 193.664 GC heap before
{Heap before GC invocations=145 (full 0):
 garbage-first heap   total 261120K, used 222268K [0x0000000700000000, 0x0000000800000000)
  region size 1024K, 17 young (17408K), 2 survivors (2048K)
 Metaspace       used 110969K, capacity 116630K, committed 116744K, reserved 1148928K
  class space    used 14525K, capacity 16632K, committed 16640K, reserved 1048576K
}
Event: 193.668 GC heap after
{Heap after GC invocations=146 (full 0):
 garbage-first heap   total 261120K, used 207696K [0x0000000700000000, 0x0000000800000000)
  region size 1024K, 3 young (3072K), 3 survivors (3072K)
 Metaspace       used 110969K, capacity 116630K, committed 116744K, reserved 1148928K
  class space    used 14525K, capacity 16632K, committed 16640K, reserved 1048576K
}
Event: 193.942 GC heap before
{Heap before GC invocations=146 (full 0):
 garbage-first heap   total 261120K, used 222032K [0x0000000700000000, 0x0000000800000000)
  region size 1024K, 18 young (18432K), 3 survivors (3072K)
 Metaspace       used 111813K, capacity 117478K, committed 117640K, reserved 1150976K
  class space    used 14646K, capacity 16762K, committed 16768K, reserved 1048576K
}
Event: 193.945 GC heap after
{Heap after GC invocations=147 (full 0):
 garbage-first heap   total 261120K, used 208741K [0x0000000700000000, 0x0000000800000000)
  region size 1024K, 2 young (2048K), 2 survivors (2048K)
 Metaspace       used 111813K, capacity 117478K, committed 117640K, reserved 1150976K
  class space    used 14646K, capacity 16762K, committed 16768K, reserved 1048576K
}
Event: 194.406 GC heap before
{Heap before GC invocations=147 (full 0):
 garbage-first heap   total 261120K, used 225125K [0x0000000700000000, 0x0000000800000000)
  region size 1024K, 18 young (18432K), 2 survivors (2048K)
 Metaspace       used 113104K, capacity 118840K, committed 119176K, reserved 1150976K
  class space    used 14798K, capacity 16935K, committed 17024K, reserved 1048576K
}
Event: 194.410 GC heap after
{Heap after GC invocations=148 (full 0):
 garbage-first heap   total 261120K, used 210072K [0x0000000700000000, 0x0000000800000000)
  region size 1024K, 3 young (3072K), 3 survivors (3072K)
 Metaspace       used 113104K, capacity 118840K, committed 119176K, reserved 1150976K
  class space    used 14798K, capacity 16935K, committed 17024K, reserved 1048576K
}
Event: 194.731 GC heap before
{Heap before GC invocations=148 (full 0):
 garbage-first heap   total 261120K, used 225432K [0x0000000700000000, 0x0000000800000000)
  region size 1024K, 18 young (18432K), 3 survivors (3072K)
 Metaspace       used 113729K, capacity 119484K, committed 119688K, reserved 1153024K
  class space    used 14888K, capacity 17018K, committed 17024K, reserved 1048576K
}
Event: 194.735 GC heap after
{Heap after GC invocations=149 (full 0):
 garbage-first heap   total 261120K, used 211860K [0x0000000700000000, 0x0000000800000000)
  region size 1024K, 3 young (3072K), 3 survivors (3072K)
 Metaspace       used 113729K, capacity 119484K, committed 119688K, reserved 1153024K
  class space    used 14888K, capacity 17018K, committed 17024K, reserved 1048576K
}
Event: 195.076 GC heap before
{Heap before GC invocations=149 (full 0):
 garbage-first heap   total 261120K, used 227220K [0x0000000700000000, 0x0000000800000000)
  region size 1024K, 18 young (18432K), 3 survivors (3072K)
 Metaspace       used 114348K, capacity 120100K, committed 120328K, reserved 1153024K
  class space    used 14970K, capacity 17125K, committed 17152K, reserved 1048576K
}
Event: 195.080 GC heap after
{Heap after GC invocations=150 (full 0):
 garbage-first heap   total 261120K, used 213865K [0x0000000700000000, 0x0000000800000000)
  region size 1024K, 2 young (2048K), 2 survivors (2048K)
 Metaspace       used 114348K, capacity 120100K, committed 120328K, reserved 1153024K
  class space    used 14970K, capacity 17125K, committed 17152K, reserved 1048576K
}
Event: 195.342 GC heap before
{Heap before GC invocations=150 (full 0):
 garbage-first heap   total 261120K, used 228201K [0x0000000700000000, 0x0000000800000000)
  region size 1024K, 16 young (16384K), 2 survivors (2048K)
 Metaspace       used 114476K, capacity 120264K, committed 120328K, reserved 1153024K
  class space    used 14979K, capacity 17141K, committed 17152K, reserved 1048576K
}

