# JRE version: OpenJDK Runtime Environment Microsoft-7208460 (11.0.18+10) (build 11.0.18+10-LTS)
# Java VM: OpenJDK 64-Bit Server VM Microsoft-7208460 (11.0.18+10-LTS, mixed mode, tiered, compressed oops, g1 gc, windows-amd64)
Heap:
 garbage-first heap   total 472064K, used 292876K [0x0000000700000000, 0x0000000800000000)
  region size 1024K, 16 young (16384K), 1 survivors (1024K)
 Metaspace       used 129554K, capacity 136156K, committed 136276K, reserved 1167360K
  class space    used 16601K, capacity 18996K, committed 19020K, reserved 1048576K
GC Heap History (20 events):
Event: 77.942 GC heap before
{Heap before GC invocations=76 (full 0):
 garbage-first heap   total 393216K, used 355763K [0x0000000700000000, 0x0000000800000000)
  region size 1024K, 19 young (19456K), 3 survivors (3072K)
 Metaspace       used 128542K, capacity 135006K, committed 135124K, reserved 1165312K
  class space    used 16500K, capacity 18783K, committed 18892K, reserved 1048576K
}
Event: 77.947 GC heap after
{Heap after GC invocations=77 (full 0):
 garbage-first heap   total 393216K, used 341225K [0x0000000700000000, 0x0000000800000000)
  region size 1024K, 2 young (2048K), 2 survivors (2048K)
 Metaspace       used 128542K, capacity 135006K, committed 135124K, reserved 1165312K
  class space    used 16500K, capacity 18783K, committed 18892K, reserved 1048576K
}
Event: 78.320 GC heap before
{Heap before GC invocations=77 (full 0):
 garbage-first heap   total 393216K, used 358633K [0x0000000700000000, 0x0000000800000000)
  region size 1024K, 19 young (19456K), 2 survivors (2048K)
 Metaspace       used 128589K, capacity 135013K, committed 135124K, reserved 1165312K
  class space    used 16501K, capacity 18785K, committed 18892K, reserved 1048576K
}
Event: 78.328 GC heap after
{Heap after GC invocations=78 (full 0):
 garbage-first heap   total 393216K, used 343380K [0x0000000700000000, 0x0000000800000000)
  region size 1024K, 3 young (3072K), 3 survivors (3072K)
 Metaspace       used 128589K, capacity 135013K, committed 135124K, reserved 1165312K
  class space    used 16501K, capacity 18785K, committed 18892K, reserved 1048576K
}
Event: 78.819 GC heap before
{Heap before GC invocations=78 (full 0):
 garbage-first heap   total 393216K, used 359764K [0x0000000700000000, 0x0000000800000000)
  region size 1024K, 19 young (19456K), 3 survivors (3072K)
 Metaspace       used 128627K, capacity 135090K, committed 135380K, reserved 1165312K
  class space    used 16504K, capacity 18789K, committed 18892K, reserved 1048576K
}
Event: 78.824 GC heap after
{Heap after GC invocations=79 (full 0):
 garbage-first heap   total 393216K, used 345915K [0x0000000700000000, 0x0000000800000000)
  region size 1024K, 3 young (3072K), 3 survivors (3072K)
 Metaspace       used 128627K, capacity 135090K, committed 135380K, reserved 1165312K
  class space    used 16504K, capacity 18789K, committed 18892K, reserved 1048576K
}
Event: 79.145 GC heap before
{Heap before GC invocations=79 (full 0):
 garbage-first heap   total 393216K, used 362299K [0x0000000700000000, 0x0000000800000000)
  region size 1024K, 19 young (19456K), 3 survivors (3072K)
 Metaspace       used 128657K, capacity 135092K, committed 135380K, reserved 1165312K
  class space    used 16504K, capacity 18789K, committed 18892K, reserved 1048576K
}
Event: 79.149 GC heap after
{Heap after GC invocations=80 (full 0):
 garbage-first heap   total 393216K, used 347717K [0x0000000700000000, 0x0000000800000000)
  region size 1024K, 3 young (3072K), 3 survivors (3072K)
 Metaspace       used 128657K, capacity 135092K, committed 135380K, reserved 1165312K
  class space    used 16504K, capacity 18789K, committed 18892K, reserved 1048576K
}
Event: 79.384 GC heap before
{Heap before GC invocations=80 (full 0):
 garbage-first heap   total 393216K, used 363077K [0x0000000700000000, 0x0000000800000000)
  region size 1024K, 19 young (19456K), 3 survivors (3072K)
 Metaspace       used 128856K, capacity 135346K, committed 135636K, reserved 1167360K
  class space    used 16530K, capacity 18828K, committed 18892K, reserved 1048576K
}
Event: 79.391 GC heap after
{Heap after GC invocations=81 (full 0):
 garbage-first heap   total 393216K, used 350403K [0x0000000700000000, 0x0000000800000000)
  region size 1024K, 3 young (3072K), 3 survivors (3072K)
 Metaspace       used 128856K, capacity 135346K, committed 135636K, reserved 1167360K
  class space    used 16530K, capacity 18828K, committed 18892K, reserved 1048576K
}
Event: 79.771 GC heap before
{Heap before GC invocations=81 (full 0):
 garbage-first heap   total 393216K, used 365763K [0x0000000700000000, 0x0000000800000000)
  region size 1024K, 19 young (19456K), 3 survivors (3072K)
 Metaspace       used 128995K, capacity 135541K, committed 135764K, reserved 1167360K
  class space    used 16550K, capacity 18893K, committed 19020K, reserved 1048576K
}
Event: 79.786 GC heap after
{Heap after GC invocations=82 (full 0):
 garbage-first heap   total 393216K, used 352837K [0x0000000700000000, 0x0000000800000000)
  region size 1024K, 3 young (3072K), 3 survivors (3072K)
 Metaspace       used 128995K, capacity 135541K, committed 135764K, reserved 1167360K
  class space    used 16550K, capacity 18893K, committed 19020K, reserved 1048576K
}
Event: 80.230 GC heap before
{Heap before GC invocations=82 (full 0):
 garbage-first heap   total 393216K, used 363077K [0x0000000700000000, 0x0000000800000000)
  region size 1024K, 19 young (19456K), 3 survivors (3072K)
 Metaspace       used 129080K, capacity 135594K, committed 135764K, reserved 1167360K
  class space    used 16558K, capacity 18906K, committed 19020K, reserved 1048576K
}
Event: 80.237 GC heap after
{Heap after GC invocations=83 (full 0):
 garbage-first heap   total 393216K, used 349646K [0x0000000700000000, 0x0000000800000000)
  region size 1024K, 2 young (2048K), 2 survivors (2048K)
 Metaspace       used 129080K, capacity 135594K, committed 135764K, reserved 1167360K
  class space    used 16558K, capacity 18906K, committed 19020K, reserved 1048576K
}
Event: 80.575 GC heap before
{Heap before GC invocations=84 (full 0):
 garbage-first heap   total 393216K, used 367054K [0x0000000700000000, 0x0000000800000000)
  region size 1024K, 19 young (19456K), 2 survivors (2048K)
 Metaspace       used 129199K, capacity 135713K, committed 136020K, reserved 1167360K
  class space    used 16577K, capacity 18937K, committed 19020K, reserved 1048576K
}
Event: 80.581 GC heap after
{Heap after GC invocations=85 (full 0):
 garbage-first heap   total 393216K, used 351855K [0x0000000700000000, 0x0000000800000000)
  region size 1024K, 3 young (3072K), 3 survivors (3072K)
 Metaspace       used 129199K, capacity 135713K, committed 136020K, reserved 1167360K
  class space    used 16577K, capacity 18937K, committed 19020K, reserved 1048576K
}
Event: 80.829 GC heap before
{Heap before GC invocations=85 (full 0):
 garbage-first heap   total 393216K, used 367215K [0x0000000700000000, 0x0000000800000000)
  region size 1024K, 19 young (19456K), 3 survivors (3072K)
 Metaspace       used 129309K, capacity 135892K, committed 136020K, reserved 1167360K
  class space    used 16591K, capacity 18952K, committed 19020K, reserved 1048576K
}
Event: 80.843 GC heap after
{Heap after GC invocations=86 (full 0):
 garbage-first heap   total 472064K, used 315530K [0x0000000700000000, 0x0000000800000000)
  region size 1024K, 3 young (3072K), 3 survivors (3072K)
 Metaspace       used 129309K, capacity 135892K, committed 136020K, reserved 1167360K
  class space    used 16591K, capacity 18952K, committed 19020K, reserved 1048576K
}
Event: 80.948 GC heap before
{Heap before GC invocations=86 (full 0):
 garbage-first heap   total 472064K, used 334986K [0x0000000700000000, 0x0000000800000000)
  region size 1024K, 23 young (23552K), 3 survivors (3072K)
 Metaspace       used 129340K, capacity 135931K, committed 136020K, reserved 1167360K
  class space    used 16595K, capacity 18986K, committed 19020K, reserved 1048576K
}
Event: 80.982 GC heap after
{Heap after GC invocations=87 (full 0):
 garbage-first heap   total 472064K, used 279564K [0x0000000700000000, 0x0000000800000000)
  region size 1024K, 1 young (1024K), 1 survivors (1024K)
 Metaspace       used 129340K, capacity 135931K, committed 136020K, reserved 1167360K
  class space    used 16595K, capacity 18986K, committed 19020K, reserved 1048576K
}

