# JRE version: OpenJDK Runtime Environment (11.0.15) (build 11.0.15+0-b2043.56-9505619)
# Java VM: OpenJDK 64-Bit Server VM (11.0.15+0-b2043.56-9505619, mixed mode, tiered, compressed oops, g1 gc, windows-amd64)
Heap:
 garbage-first heap   total 126976K, used 95913K [0x0000000700000000, 0x0000000800000000)
  region size 1024K, 42 young (43008K), 2 survivors (2048K)
 Metaspace       used 50163K, capacity 51519K, committed 51708K, reserved 1093632K
  class space    used 6408K, capacity 6902K, committed 6988K, reserved 1048576K
GC Heap History (20 events):
Event: 0.771 GC heap before
{Heap before GC invocations=0 (full 0):
 garbage-first heap   total 126976K, used 29696K [0x0000000700000000, 0x0000000800000000)
  region size 1024K, 24 young (24576K), 0 survivors (0K)
 Metaspace       used 9775K, capacity 9968K, committed 10112K, reserved 1058816K
  class space    used 997K, capacity 1069K, committed 1152K, reserved 1048576K
}
Event: 0.778 GC heap after
{Heap after GC invocations=1 (full 0):
 garbage-first heap   total 126976K, used 9206K [0x0000000700000000, 0x0000000800000000)
  region size 1024K, 3 young (3072K), 3 survivors (3072K)
 Metaspace       used 9775K, capacity 9968K, committed 10112K, reserved 1058816K
  class space    used 997K, capacity 1069K, committed 1152K, reserved 1048576K
}
Event: 2.940 GC heap before
{Heap before GC invocations=1 (full 0):
 garbage-first heap   total 126976K, used 82934K [0x0000000700000000, 0x0000000800000000)
  region size 1024K, 74 young (75776K), 3 survivors (3072K)
 Metaspace       used 18191K, capacity 18576K, committed 18688K, reserved 1064960K
  class space    used 2123K, capacity 2290K, committed 2304K, reserved 1048576K
}
Event: 2.969 GC heap after
{Heap after GC invocations=2 (full 0):
 garbage-first heap   total 126976K, used 16175K [0x0000000700000000, 0x0000000800000000)
  region size 1024K, 10 young (10240K), 10 survivors (10240K)
 Metaspace       used 18191K, capacity 18576K, committed 18688K, reserved 1064960K
  class space    used 2123K, capacity 2290K, committed 2304K, reserved 1048576K
}
Event: 3.251 GC heap before
{Heap before GC invocations=2 (full 0):
 garbage-first heap   total 126976K, used 37679K [0x0000000700000000, 0x0000000800000000)
  region size 1024K, 32 young (32768K), 10 survivors (10240K)
 Metaspace       used 20790K, capacity 21166K, committed 21296K, reserved 1069056K
  class space    used 2513K, capacity 2665K, committed 2688K, reserved 1048576K
}
Event: 3.258 GC heap after
{Heap after GC invocations=3 (full 0):
 garbage-first heap   total 126976K, used 17182K [0x0000000700000000, 0x0000000800000000)
  region size 1024K, 1 young (1024K), 1 survivors (1024K)
 Metaspace       used 20790K, capacity 21166K, committed 21296K, reserved 1069056K
  class space    used 2513K, capacity 2665K, committed 2688K, reserved 1048576K
}
Event: 3.879 GC heap before
{Heap before GC invocations=4 (full 0):
 garbage-first heap   total 126976K, used 66334K [0x0000000700000000, 0x0000000800000000)
  region size 1024K, 50 young (51200K), 1 survivors (1024K)
 Metaspace       used 25939K, capacity 26553K, committed 26620K, reserved 1073152K
  class space    used 3347K, capacity 3596K, committed 3660K, reserved 1048576K
}
Event: 3.881 GC heap after
{Heap after GC invocations=5 (full 0):
 garbage-first heap   total 126976K, used 18966K [0x0000000700000000, 0x0000000800000000)
  region size 1024K, 3 young (3072K), 3 survivors (3072K)
 Metaspace       used 25939K, capacity 26553K, committed 26620K, reserved 1073152K
  class space    used 3347K, capacity 3596K, committed 3660K, reserved 1048576K
}
Event: 11.559 GC heap before
{Heap before GC invocations=5 (full 0):
 garbage-first heap   total 126976K, used 89622K [0x0000000700000000, 0x0000000800000000)
  region size 1024K, 57 young (58368K), 3 survivors (3072K)
 Metaspace       used 30905K, capacity 31866K, committed 32124K, reserved 1077248K
  class space    used 4109K, capacity 4429K, committed 4556K, reserved 1048576K
}
Event: 11.563 GC heap after
{Heap after GC invocations=6 (full 0):
 garbage-first heap   total 126976K, used 37927K [0x0000000700000000, 0x0000000800000000)
  region size 1024K, 7 young (7168K), 7 survivors (7168K)
 Metaspace       used 30905K, capacity 31866K, committed 32124K, reserved 1077248K
  class space    used 4109K, capacity 4429K, committed 4556K, reserved 1048576K
}
Event: 12.928 GC heap before
{Heap before GC invocations=6 (full 0):
 garbage-first heap   total 126976K, used 69671K [0x0000000700000000, 0x0000000800000000)
  region size 1024K, 39 young (39936K), 7 survivors (7168K)
 Metaspace       used 34949K, capacity 35889K, committed 35964K, reserved 1081344K
  class space    used 4650K, capacity 5001K, committed 5068K, reserved 1048576K
}
Event: 12.937 GC heap after
{Heap after GC invocations=7 (full 0):
 garbage-first heap   total 126976K, used 39548K [0x0000000700000000, 0x0000000800000000)
  region size 1024K, 6 young (6144K), 6 survivors (6144K)
 Metaspace       used 34949K, capacity 35889K, committed 35964K, reserved 1081344K
  class space    used 4650K, capacity 5001K, committed 5068K, reserved 1048576K
}
Event: 15.135 GC heap before
{Heap before GC invocations=8 (full 0):
 garbage-first heap   total 126976K, used 90748K [0x0000000700000000, 0x0000000800000000)
  region size 1024K, 56 young (57344K), 6 survivors (6144K)
 Metaspace       used 40600K, capacity 41751K, committed 41852K, reserved 1085440K
  class space    used 5366K, capacity 5805K, committed 5836K, reserved 1048576K
}
Event: 15.143 GC heap after
{Heap after GC invocations=9 (full 0):
 garbage-first heap   total 126976K, used 43198K [0x0000000700000000, 0x0000000800000000)
  region size 1024K, 5 young (5120K), 5 survivors (5120K)
 Metaspace       used 40600K, capacity 41751K, committed 41852K, reserved 1085440K
  class space    used 5366K, capacity 5805K, committed 5836K, reserved 1048576K
}
Event: 17.273 GC heap before
{Heap before GC invocations=9 (full 0):
 garbage-first heap   total 126976K, used 95422K [0x0000000700000000, 0x0000000800000000)
  region size 1024K, 54 young (55296K), 5 survivors (5120K)
 Metaspace       used 47290K, capacity 48605K, committed 48764K, reserved 1091584K
  class space    used 6029K, capacity 6508K, committed 6604K, reserved 1048576K
}
Event: 17.282 GC heap after
{Heap after GC invocations=10 (full 0):
 garbage-first heap   total 126976K, used 47621K [0x0000000700000000, 0x0000000800000000)
  region size 1024K, 5 young (5120K), 5 survivors (5120K)
 Metaspace       used 47290K, capacity 48605K, committed 48764K, reserved 1091584K
  class space    used 6029K, capacity 6508K, committed 6604K, reserved 1048576K
}
Event: 18.597 GC heap before
{Heap before GC invocations=10 (full 0):
 garbage-first heap   total 126976K, used 103941K [0x0000000700000000, 0x0000000800000000)
  region size 1024K, 52 young (53248K), 5 survivors (5120K)
 Metaspace       used 49946K, capacity 51213K, committed 51452K, reserved 1093632K
  class space    used 6410K, capacity 6907K, committed 6988K, reserved 1048576K
}
Event: 18.604 GC heap after
{Heap after GC invocations=11 (full 0):
 garbage-first heap   total 126976K, used 57072K [0x0000000700000000, 0x0000000800000000)
  region size 1024K, 3 young (3072K), 3 survivors (3072K)
 Metaspace       used 49946K, capacity 51213K, committed 51452K, reserved 1093632K
  class space    used 6410K, capacity 6907K, committed 6988K, reserved 1048576K
}
Event: 18.735 GC heap before
{Heap before GC invocations=11 (full 0):
 garbage-first heap   total 126976K, used 69360K [0x0000000700000000, 0x0000000800000000)
  region size 1024K, 16 young (16384K), 3 survivors (3072K)
 Metaspace       used 50009K, capacity 51277K, committed 51452K, reserved 1093632K
  class space    used 6410K, capacity 6907K, committed 6988K, reserved 1048576K
}
Event: 18.738 GC heap after
{Heap after GC invocations=12 (full 0):
 garbage-first heap   total 126976K, used 50857K [0x0000000700000000, 0x0000000800000000)
  region size 1024K, 2 young (2048K), 2 survivors (2048K)
 Metaspace       used 50009K, capacity 51277K, committed 51452K, reserved 1093632K
  class space    used 6410K, capacity 6907K, committed 6988K, reserved 1048576K
}

